{"/home/runner/work/fire-santa-run/fire-santa-run/src/storage/azure.ts": {"path":"/home/runner/work/fire-santa-run/fire-santa-run/src/storage/azure.ts","statementMap":{"0":{"start":{"line":31,"column":4},"end":{"line":33,"column":null}},"1":{"start":{"line":32,"column":6},"end":{"line":32,"column":null}},"2":{"start":{"line":35,"column":28},"end":{"line":35,"column":null}},"3":{"start":{"line":36,"column":30},"end":{"line":36,"column":null}},"4":{"start":{"line":37,"column":27},"end":{"line":37,"column":null}},"5":{"start":{"line":38,"column":33},"end":{"line":38,"column":null}},"6":{"start":{"line":39,"column":33},"end":{"line":39,"column":null}},"7":{"start":{"line":40,"column":35},"end":{"line":40,"column":null}},"8":{"start":{"line":42,"column":4},"end":{"line":42,"column":null}},"9":{"start":{"line":43,"column":4},"end":{"line":43,"column":null}},"10":{"start":{"line":44,"column":4},"end":{"line":44,"column":null}},"11":{"start":{"line":45,"column":4},"end":{"line":45,"column":null}},"12":{"start":{"line":46,"column":4},"end":{"line":46,"column":null}},"13":{"start":{"line":47,"column":4},"end":{"line":47,"column":null}},"14":{"start":{"line":50,"column":4},"end":{"line":52,"column":null}},"15":{"start":{"line":51,"column":6},"end":{"line":51,"column":null}},"16":{"start":{"line":56,"column":20},"end":{"line":63,"column":null}},"17":{"start":{"line":65,"column":4},"end":{"line":75,"column":null}},"18":{"start":{"line":66,"column":6},"end":{"line":74,"column":null}},"19":{"start":{"line":67,"column":8},"end":{"line":67,"column":null}},"20":{"start":{"line":69,"column":22},"end":{"line":69,"column":null}},"21":{"start":{"line":71,"column":8},"end":{"line":73,"column":null}},"22":{"start":{"line":72,"column":10},"end":{"line":72,"column":null}},"23":{"start":{"line":79,"column":19},"end":{"line":83,"column":null}},"24":{"start":{"line":85,"column":4},"end":{"line":90,"column":null}},"25":{"start":{"line":86,"column":6},"end":{"line":86,"column":null}},"26":{"start":{"line":88,"column":6},"end":{"line":88,"column":null}},"27":{"start":{"line":89,"column":6},"end":{"line":89,"column":null}},"28":{"start":{"line":94,"column":4},"end":{"line":110,"column":null}},"29":{"start":{"line":95,"column":30},"end":{"line":95,"column":null}},"30":{"start":{"line":96,"column":23},"end":{"line":98,"column":null}},"31":{"start":{"line":100,"column":6},"end":{"line":104,"column":null}},"32":{"start":{"line":102,"column":72},"end":{"line":102,"column":null}},"33":{"start":{"line":103,"column":8},"end":{"line":103,"column":null}},"34":{"start":{"line":106,"column":6},"end":{"line":106,"column":null}},"35":{"start":{"line":108,"column":6},"end":{"line":108,"column":null}},"36":{"start":{"line":109,"column":6},"end":{"line":109,"column":null}},"37":{"start":{"line":114,"column":4},"end":{"line":126,"column":null}},"38":{"start":{"line":115,"column":21},"end":{"line":115,"column":null}},"39":{"start":{"line":117,"column":70},"end":{"line":117,"column":null}},"40":{"start":{"line":118,"column":6},"end":{"line":118,"column":null}},"41":{"start":{"line":120,"column":18},"end":{"line":120,"column":null}},"42":{"start":{"line":121,"column":6},"end":{"line":123,"column":null}},"43":{"start":{"line":122,"column":8},"end":{"line":122,"column":null}},"44":{"start":{"line":124,"column":6},"end":{"line":124,"column":null}},"45":{"start":{"line":125,"column":6},"end":{"line":125,"column":null}},"46":{"start":{"line":130,"column":4},"end":{"line":140,"column":null}},"47":{"start":{"line":131,"column":6},"end":{"line":131,"column":null}},"48":{"start":{"line":133,"column":18},"end":{"line":133,"column":null}},"49":{"start":{"line":134,"column":6},"end":{"line":137,"column":null}},"50":{"start":{"line":136,"column":8},"end":{"line":136,"column":null}},"51":{"start":{"line":138,"column":6},"end":{"line":138,"column":null}},"52":{"start":{"line":139,"column":6},"end":{"line":139,"column":null}},"53":{"start":{"line":144,"column":4},"end":{"line":156,"column":null}},"54":{"start":{"line":145,"column":21},"end":{"line":145,"column":null}},"55":{"start":{"line":147,"column":72},"end":{"line":147,"column":null}},"56":{"start":{"line":148,"column":6},"end":{"line":148,"column":null}},"57":{"start":{"line":150,"column":18},"end":{"line":150,"column":null}},"58":{"start":{"line":151,"column":6},"end":{"line":153,"column":null}},"59":{"start":{"line":152,"column":8},"end":{"line":152,"column":null}},"60":{"start":{"line":154,"column":6},"end":{"line":154,"column":null}},"61":{"start":{"line":155,"column":6},"end":{"line":155,"column":null}},"62":{"start":{"line":160,"column":4},"end":{"line":179,"column":null}},"63":{"start":{"line":162,"column":27},"end":{"line":166,"column":null}},"64":{"start":{"line":169,"column":6},"end":{"line":173,"column":null}},"65":{"start":{"line":171,"column":74},"end":{"line":171,"column":null}},"66":{"start":{"line":172,"column":8},"end":{"line":172,"column":null}},"67":{"start":{"line":175,"column":6},"end":{"line":175,"column":null}},"68":{"start":{"line":177,"column":6},"end":{"line":177,"column":null}},"69":{"start":{"line":178,"column":6},"end":{"line":178,"column":null}},"70":{"start":{"line":183,"column":19},"end":{"line":187,"column":null}},"71":{"start":{"line":189,"column":4},"end":{"line":194,"column":null}},"72":{"start":{"line":190,"column":6},"end":{"line":190,"column":null}},"73":{"start":{"line":192,"column":6},"end":{"line":192,"column":null}},"74":{"start":{"line":193,"column":6},"end":{"line":193,"column":null}},"75":{"start":{"line":199,"column":19},"end":{"line":203,"column":null}},"76":{"start":{"line":205,"column":4},"end":{"line":210,"column":null}},"77":{"start":{"line":206,"column":6},"end":{"line":206,"column":null}},"78":{"start":{"line":208,"column":6},"end":{"line":208,"column":null}},"79":{"start":{"line":209,"column":6},"end":{"line":209,"column":null}},"80":{"start":{"line":214,"column":4},"end":{"line":226,"column":null}},"81":{"start":{"line":215,"column":21},"end":{"line":215,"column":null}},"82":{"start":{"line":217,"column":69},"end":{"line":217,"column":null}},"83":{"start":{"line":218,"column":6},"end":{"line":218,"column":null}},"84":{"start":{"line":220,"column":18},"end":{"line":220,"column":null}},"85":{"start":{"line":221,"column":6},"end":{"line":223,"column":null}},"86":{"start":{"line":222,"column":8},"end":{"line":222,"column":null}},"87":{"start":{"line":224,"column":6},"end":{"line":224,"column":null}},"88":{"start":{"line":225,"column":6},"end":{"line":225,"column":null}},"89":{"start":{"line":230,"column":4},"end":{"line":248,"column":null}},"90":{"start":{"line":231,"column":28},"end":{"line":231,"column":null}},"91":{"start":{"line":232,"column":23},"end":{"line":236,"column":null}},"92":{"start":{"line":238,"column":6},"end":{"line":242,"column":null}},"93":{"start":{"line":240,"column":71},"end":{"line":240,"column":null}},"94":{"start":{"line":241,"column":8},"end":{"line":241,"column":null}},"95":{"start":{"line":244,"column":6},"end":{"line":244,"column":null}},"96":{"start":{"line":246,"column":6},"end":{"line":246,"column":null}},"97":{"start":{"line":247,"column":6},"end":{"line":247,"column":null}},"98":{"start":{"line":253,"column":19},"end":{"line":257,"column":null}},"99":{"start":{"line":259,"column":4},"end":{"line":264,"column":null}},"100":{"start":{"line":260,"column":6},"end":{"line":260,"column":null}},"101":{"start":{"line":262,"column":6},"end":{"line":262,"column":null}},"102":{"start":{"line":263,"column":6},"end":{"line":263,"column":null}},"103":{"start":{"line":268,"column":4},"end":{"line":280,"column":null}},"104":{"start":{"line":269,"column":21},"end":{"line":269,"column":null}},"105":{"start":{"line":271,"column":75},"end":{"line":271,"column":null}},"106":{"start":{"line":272,"column":6},"end":{"line":272,"column":null}},"107":{"start":{"line":274,"column":18},"end":{"line":274,"column":null}},"108":{"start":{"line":275,"column":6},"end":{"line":277,"column":null}},"109":{"start":{"line":276,"column":8},"end":{"line":276,"column":null}},"110":{"start":{"line":278,"column":6},"end":{"line":278,"column":null}},"111":{"start":{"line":279,"column":6},"end":{"line":279,"column":null}},"112":{"start":{"line":284,"column":4},"end":{"line":302,"column":null}},"113":{"start":{"line":285,"column":47},"end":{"line":285,"column":null}},"114":{"start":{"line":286,"column":23},"end":{"line":290,"column":null}},"115":{"start":{"line":292,"column":6},"end":{"line":296,"column":null}},"116":{"start":{"line":294,"column":77},"end":{"line":294,"column":null}},"117":{"start":{"line":295,"column":8},"end":{"line":295,"column":null}},"118":{"start":{"line":298,"column":6},"end":{"line":298,"column":null}},"119":{"start":{"line":300,"column":6},"end":{"line":300,"column":null}},"120":{"start":{"line":301,"column":6},"end":{"line":301,"column":null}},"121":{"start":{"line":306,"column":4},"end":{"line":315,"column":null}},"122":{"start":{"line":307,"column":6},"end":{"line":307,"column":null}},"123":{"start":{"line":309,"column":18},"end":{"line":309,"column":null}},"124":{"start":{"line":310,"column":6},"end":{"line":312,"column":null}},"125":{"start":{"line":311,"column":8},"end":{"line":311,"column":null}},"126":{"start":{"line":313,"column":6},"end":{"line":313,"column":null}},"127":{"start":{"line":314,"column":6},"end":{"line":314,"column":null}},"128":{"start":{"line":319,"column":4},"end":{"line":337,"column":null}},"129":{"start":{"line":320,"column":47},"end":{"line":320,"column":null}},"130":{"start":{"line":321,"column":23},"end":{"line":325,"column":null}},"131":{"start":{"line":327,"column":6},"end":{"line":331,"column":null}},"132":{"start":{"line":329,"column":77},"end":{"line":329,"column":null}},"133":{"start":{"line":330,"column":8},"end":{"line":330,"column":null}},"134":{"start":{"line":333,"column":6},"end":{"line":333,"column":null}},"135":{"start":{"line":335,"column":6},"end":{"line":335,"column":null}},"136":{"start":{"line":336,"column":6},"end":{"line":336,"column":null}},"137":{"start":{"line":341,"column":4},"end":{"line":359,"column":null}},"138":{"start":{"line":342,"column":47},"end":{"line":342,"column":null}},"139":{"start":{"line":343,"column":23},"end":{"line":347,"column":null}},"140":{"start":{"line":349,"column":6},"end":{"line":353,"column":null}},"141":{"start":{"line":351,"column":77},"end":{"line":351,"column":null}},"142":{"start":{"line":352,"column":8},"end":{"line":352,"column":null}},"143":{"start":{"line":355,"column":6},"end":{"line":355,"column":null}},"144":{"start":{"line":357,"column":6},"end":{"line":357,"column":null}},"145":{"start":{"line":358,"column":6},"end":{"line":358,"column":null}},"146":{"start":{"line":363,"column":4},"end":{"line":381,"column":null}},"147":{"start":{"line":364,"column":47},"end":{"line":364,"column":null}},"148":{"start":{"line":365,"column":23},"end":{"line":369,"column":null}},"149":{"start":{"line":371,"column":6},"end":{"line":375,"column":null}},"150":{"start":{"line":373,"column":77},"end":{"line":373,"column":null}},"151":{"start":{"line":374,"column":8},"end":{"line":374,"column":null}},"152":{"start":{"line":377,"column":6},"end":{"line":377,"column":null}},"153":{"start":{"line":379,"column":6},"end":{"line":379,"column":null}},"154":{"start":{"line":380,"column":6},"end":{"line":380,"column":null}},"155":{"start":{"line":386,"column":19},"end":{"line":390,"column":null}},"156":{"start":{"line":392,"column":4},"end":{"line":397,"column":null}},"157":{"start":{"line":393,"column":6},"end":{"line":393,"column":null}},"158":{"start":{"line":395,"column":6},"end":{"line":395,"column":null}},"159":{"start":{"line":396,"column":6},"end":{"line":396,"column":null}},"160":{"start":{"line":401,"column":4},"end":{"line":419,"column":null}},"161":{"start":{"line":402,"column":46},"end":{"line":402,"column":null}},"162":{"start":{"line":403,"column":23},"end":{"line":407,"column":null}},"163":{"start":{"line":409,"column":6},"end":{"line":413,"column":null}},"164":{"start":{"line":411,"column":77},"end":{"line":411,"column":null}},"165":{"start":{"line":412,"column":8},"end":{"line":412,"column":null}},"166":{"start":{"line":415,"column":6},"end":{"line":415,"column":null}},"167":{"start":{"line":417,"column":6},"end":{"line":417,"column":null}},"168":{"start":{"line":418,"column":6},"end":{"line":418,"column":null}},"169":{"start":{"line":423,"column":4},"end":{"line":441,"column":null}},"170":{"start":{"line":424,"column":46},"end":{"line":424,"column":null}},"171":{"start":{"line":425,"column":23},"end":{"line":429,"column":null}},"172":{"start":{"line":431,"column":6},"end":{"line":435,"column":null}},"173":{"start":{"line":433,"column":77},"end":{"line":433,"column":null}},"174":{"start":{"line":434,"column":8},"end":{"line":434,"column":null}},"175":{"start":{"line":437,"column":6},"end":{"line":437,"column":null}},"176":{"start":{"line":439,"column":6},"end":{"line":439,"column":null}},"177":{"start":{"line":440,"column":6},"end":{"line":440,"column":null}},"178":{"start":{"line":445,"column":4},"end":{"line":463,"column":null}},"179":{"start":{"line":446,"column":46},"end":{"line":446,"column":null}},"180":{"start":{"line":447,"column":23},"end":{"line":451,"column":null}},"181":{"start":{"line":453,"column":6},"end":{"line":457,"column":null}},"182":{"start":{"line":455,"column":77},"end":{"line":455,"column":null}},"183":{"start":{"line":456,"column":8},"end":{"line":456,"column":null}},"184":{"start":{"line":459,"column":6},"end":{"line":459,"column":null}},"185":{"start":{"line":461,"column":6},"end":{"line":461,"column":null}},"186":{"start":{"line":462,"column":6},"end":{"line":462,"column":null}},"187":{"start":{"line":467,"column":4},"end":{"line":482,"column":null}},"188":{"start":{"line":468,"column":12},"end":{"line":468,"column":null}},"189":{"start":{"line":469,"column":23},"end":{"line":473,"column":null}},"190":{"start":{"line":475,"column":6},"end":{"line":479,"column":null}},"191":{"start":{"line":476,"column":27},"end":{"line":476,"column":null}},"192":{"start":{"line":477,"column":8},"end":{"line":477,"column":null}},"193":{"start":{"line":478,"column":8},"end":{"line":478,"column":null}},"194":{"start":{"line":481,"column":6},"end":{"line":481,"column":null}},"195":{"start":{"line":487,"column":19},"end":{"line":491,"column":null}},"196":{"start":{"line":493,"column":4},"end":{"line":498,"column":null}},"197":{"start":{"line":494,"column":6},"end":{"line":494,"column":null}},"198":{"start":{"line":496,"column":6},"end":{"line":496,"column":null}},"199":{"start":{"line":497,"column":6},"end":{"line":497,"column":null}},"200":{"start":{"line":502,"column":4},"end":{"line":520,"column":null}},"201":{"start":{"line":503,"column":51},"end":{"line":503,"column":null}},"202":{"start":{"line":504,"column":23},"end":{"line":508,"column":null}},"203":{"start":{"line":510,"column":6},"end":{"line":514,"column":null}},"204":{"start":{"line":512,"column":74},"end":{"line":512,"column":null}},"205":{"start":{"line":513,"column":8},"end":{"line":513,"column":null}},"206":{"start":{"line":516,"column":6},"end":{"line":516,"column":null}},"207":{"start":{"line":518,"column":6},"end":{"line":518,"column":null}},"208":{"start":{"line":519,"column":6},"end":{"line":519,"column":null}},"209":{"start":{"line":524,"column":4},"end":{"line":542,"column":null}},"210":{"start":{"line":525,"column":51},"end":{"line":525,"column":null}},"211":{"start":{"line":526,"column":23},"end":{"line":530,"column":null}},"212":{"start":{"line":532,"column":6},"end":{"line":536,"column":null}},"213":{"start":{"line":534,"column":74},"end":{"line":534,"column":null}},"214":{"start":{"line":535,"column":8},"end":{"line":535,"column":null}},"215":{"start":{"line":538,"column":6},"end":{"line":538,"column":null}},"216":{"start":{"line":540,"column":6},"end":{"line":540,"column":null}},"217":{"start":{"line":541,"column":6},"end":{"line":541,"column":null}},"218":{"start":{"line":546,"column":4},"end":{"line":564,"column":null}},"219":{"start":{"line":547,"column":51},"end":{"line":547,"column":null}},"220":{"start":{"line":548,"column":23},"end":{"line":552,"column":null}},"221":{"start":{"line":554,"column":6},"end":{"line":558,"column":null}},"222":{"start":{"line":556,"column":74},"end":{"line":556,"column":null}},"223":{"start":{"line":557,"column":8},"end":{"line":557,"column":null}},"224":{"start":{"line":560,"column":6},"end":{"line":560,"column":null}},"225":{"start":{"line":562,"column":6},"end":{"line":562,"column":null}},"226":{"start":{"line":563,"column":6},"end":{"line":563,"column":null}},"227":{"start":{"line":568,"column":20},"end":{"line":568,"column":null}},"228":{"start":{"line":569,"column":4},"end":{"line":571,"column":null}},"229":{"start":{"line":570,"column":6},"end":{"line":570,"column":null}},"230":{"start":{"line":573,"column":4},"end":{"line":573,"column":null}},"231":{"start":{"line":574,"column":4},"end":{"line":574,"column":null}},"232":{"start":{"line":575,"column":4},"end":{"line":575,"column":null}},"233":{"start":{"line":576,"column":4},"end":{"line":576,"column":null}},"234":{"start":{"line":577,"column":4},"end":{"line":577,"column":null}},"235":{"start":{"line":579,"column":4},"end":{"line":579,"column":null}},"236":{"start":{"line":582,"column":17},"end":{"line":582,"column":null}},"237":{"start":{"line":583,"column":4},"end":{"line":591,"column":null}},"238":{"start":{"line":584,"column":6},"end":{"line":586,"column":null}},"239":{"start":{"line":585,"column":8},"end":{"line":585,"column":null}},"240":{"start":{"line":587,"column":6},"end":{"line":590,"column":null}},"241":{"start":{"line":588,"column":8},"end":{"line":588,"column":null}},"242":{"start":{"line":589,"column":8},"end":{"line":589,"column":null}},"243":{"start":{"line":595,"column":20},"end":{"line":595,"column":null}},"244":{"start":{"line":596,"column":4},"end":{"line":598,"column":null}},"245":{"start":{"line":597,"column":6},"end":{"line":597,"column":null}},"246":{"start":{"line":600,"column":4},"end":{"line":600,"column":null}},"247":{"start":{"line":601,"column":4},"end":{"line":601,"column":null}},"248":{"start":{"line":602,"column":4},"end":{"line":602,"column":null}},"249":{"start":{"line":603,"column":4},"end":{"line":603,"column":null}},"250":{"start":{"line":604,"column":4},"end":{"line":604,"column":null}},"251":{"start":{"line":606,"column":4},"end":{"line":606,"column":null}}},"fnMap":{"0":{"name":"(anonymous_0)","decl":{"start":{"line":30,"column":2},"end":{"line":30,"column":14}},"loc":{"start":{"line":30,"column":66},"end":{"line":53,"column":null}},"line":30},"1":{"name":"(anonymous_1)","decl":{"start":{"line":50,"column":34},"end":{"line":50,"column":41}},"loc":{"start":{"line":50,"column":41},"end":{"line":52,"column":5}},"line":50},"2":{"name":"(anonymous_2)","decl":{"start":{"line":55,"column":16},"end":{"line":55,"column":50}},"loc":{"start":{"line":55,"column":50},"end":{"line":76,"column":null}},"line":55},"3":{"name":"(anonymous_3)","decl":{"start":{"line":78,"column":8},"end":{"line":78,"column":18}},"loc":{"start":{"line":78,"column":66},"end":{"line":91,"column":null}},"line":78},"4":{"name":"(anonymous_4)","decl":{"start":{"line":93,"column":8},"end":{"line":93,"column":18}},"loc":{"start":{"line":93,"column":55},"end":{"line":111,"column":null}},"line":93},"5":{"name":"(anonymous_5)","decl":{"start":{"line":113,"column":8},"end":{"line":113,"column":17}},"loc":{"start":{"line":113,"column":76},"end":{"line":127,"column":null}},"line":113},"6":{"name":"(anonymous_6)","decl":{"start":{"line":129,"column":8},"end":{"line":129,"column":20}},"loc":{"start":{"line":129,"column":71},"end":{"line":141,"column":null}},"line":129},"7":{"name":"(anonymous_7)","decl":{"start":{"line":143,"column":8},"end":{"line":143,"column":19}},"loc":{"start":{"line":143,"column":63},"end":{"line":157,"column":null}},"line":143},"8":{"name":"(anonymous_8)","decl":{"start":{"line":159,"column":8},"end":{"line":159,"column":26}},"loc":{"start":{"line":159,"column":73},"end":{"line":180,"column":null}},"line":159},"9":{"name":"(anonymous_9)","decl":{"start":{"line":182,"column":8},"end":{"line":182,"column":20}},"loc":{"start":{"line":182,"column":53},"end":{"line":195,"column":null}},"line":182},"10":{"name":"(anonymous_10)","decl":{"start":{"line":198,"column":8},"end":{"line":198,"column":17}},"loc":{"start":{"line":198,"column":44},"end":{"line":211,"column":null}},"line":198},"11":{"name":"(anonymous_11)","decl":{"start":{"line":213,"column":8},"end":{"line":213,"column":16}},"loc":{"start":{"line":213,"column":54},"end":{"line":227,"column":null}},"line":213},"12":{"name":"(anonymous_12)","decl":{"start":{"line":229,"column":8},"end":{"line":229,"column":23}},"loc":{"start":{"line":229,"column":60},"end":{"line":249,"column":null}},"line":229},"13":{"name":"(anonymous_13)","decl":{"start":{"line":252,"column":8},"end":{"line":252,"column":23}},"loc":{"start":{"line":252,"column":69},"end":{"line":265,"column":null}},"line":252},"14":{"name":"(anonymous_14)","decl":{"start":{"line":267,"column":8},"end":{"line":267,"column":22}},"loc":{"start":{"line":267,"column":92},"end":{"line":281,"column":null}},"line":267},"15":{"name":"(anonymous_15)","decl":{"start":{"line":283,"column":8},"end":{"line":283,"column":26}},"loc":{"start":{"line":283,"column":83},"end":{"line":303,"column":null}},"line":283},"16":{"name":"(anonymous_16)","decl":{"start":{"line":305,"column":8},"end":{"line":305,"column":25}},"loc":{"start":{"line":305,"column":75},"end":{"line":316,"column":null}},"line":305},"17":{"name":"(anonymous_17)","decl":{"start":{"line":318,"column":8},"end":{"line":318,"column":29}},"loc":{"start":{"line":318,"column":75},"end":{"line":338,"column":null}},"line":318},"18":{"name":"(anonymous_18)","decl":{"start":{"line":340,"column":8},"end":{"line":340,"column":32}},"loc":{"start":{"line":340,"column":81},"end":{"line":360,"column":null}},"line":340},"19":{"name":"(anonymous_19)","decl":{"start":{"line":362,"column":8},"end":{"line":362,"column":39}},"loc":{"start":{"line":362,"column":88},"end":{"line":382,"column":null}},"line":362},"20":{"name":"(anonymous_20)","decl":{"start":{"line":385,"column":8},"end":{"line":385,"column":23}},"loc":{"start":{"line":385,"column":68},"end":{"line":398,"column":null}},"line":385},"21":{"name":"(anonymous_21)","decl":{"start":{"line":400,"column":8},"end":{"line":400,"column":22}},"loc":{"start":{"line":400,"column":78},"end":{"line":420,"column":null}},"line":400},"22":{"name":"(anonymous_22)","decl":{"start":{"line":422,"column":8},"end":{"line":422,"column":29}},"loc":{"start":{"line":422,"column":78},"end":{"line":442,"column":null}},"line":422},"23":{"name":"(anonymous_23)","decl":{"start":{"line":444,"column":8},"end":{"line":444,"column":39}},"loc":{"start":{"line":444,"column":87},"end":{"line":464,"column":null}},"line":444},"24":{"name":"(anonymous_24)","decl":{"start":{"line":466,"column":8},"end":{"line":466,"column":43}},"loc":{"start":{"line":466,"column":43},"end":{"line":483,"column":null}},"line":466},"25":{"name":"(anonymous_25)","decl":{"start":{"line":486,"column":8},"end":{"line":486,"column":32}},"loc":{"start":{"line":486,"column":82},"end":{"line":499,"column":null}},"line":486},"26":{"name":"(anonymous_26)","decl":{"start":{"line":501,"column":8},"end":{"line":501,"column":31}},"loc":{"start":{"line":501,"column":92},"end":{"line":521,"column":null}},"line":501},"27":{"name":"(anonymous_27)","decl":{"start":{"line":523,"column":8},"end":{"line":523,"column":31}},"loc":{"start":{"line":523,"column":84},"end":{"line":543,"column":null}},"line":523},"28":{"name":"(anonymous_28)","decl":{"start":{"line":545,"column":8},"end":{"line":545,"column":71}},"loc":{"start":{"line":545,"column":71},"end":{"line":565,"column":null}},"line":545},"29":{"name":"(anonymous_29)","decl":{"start":{"line":567,"column":8},"end":{"line":567,"column":28}},"loc":{"start":{"line":567,"column":104},"end":{"line":592,"column":null}},"line":567},"30":{"name":"(anonymous_30)","decl":{"start":{"line":594,"column":8},"end":{"line":594,"column":27}},"loc":{"start":{"line":594,"column":102},"end":{"line":607,"column":null}},"line":594}},"branchMap":{"0":{"loc":{"start":{"line":30,"column":40},"end":{"line":30,"column":66}},"type":"default-arg","locations":[{"start":{"line":30,"column":62},"end":{"line":30,"column":66}}],"line":30},"1":{"loc":{"start":{"line":31,"column":4},"end":{"line":33,"column":null}},"type":"if","locations":[{"start":{"line":31,"column":4},"end":{"line":33,"column":null}},{"start":{},"end":{}}],"line":31},"2":{"loc":{"start":{"line":35,"column":28},"end":{"line":35,"column":null}},"type":"cond-expr","locations":[{"start":{"line":35,"column":42},"end":{"line":35,"column":67}},{"start":{"line":35,"column":67},"end":{"line":35,"column":null}}],"line":35},"3":{"loc":{"start":{"line":36,"column":30},"end":{"line":36,"column":null}},"type":"cond-expr","locations":[{"start":{"line":36,"column":44},"end":{"line":36,"column":71}},{"start":{"line":36,"column":71},"end":{"line":36,"column":null}}],"line":36},"4":{"loc":{"start":{"line":37,"column":27},"end":{"line":37,"column":null}},"type":"cond-expr","locations":[{"start":{"line":37,"column":41},"end":{"line":37,"column":65}},{"start":{"line":37,"column":65},"end":{"line":37,"column":null}}],"line":37},"5":{"loc":{"start":{"line":38,"column":33},"end":{"line":38,"column":null}},"type":"cond-expr","locations":[{"start":{"line":38,"column":47},"end":{"line":38,"column":77}},{"start":{"line":38,"column":77},"end":{"line":38,"column":null}}],"line":38},"6":{"loc":{"start":{"line":39,"column":33},"end":{"line":39,"column":null}},"type":"cond-expr","locations":[{"start":{"line":39,"column":47},"end":{"line":39,"column":77}},{"start":{"line":39,"column":77},"end":{"line":39,"column":null}}],"line":39},"7":{"loc":{"start":{"line":40,"column":35},"end":{"line":40,"column":null}},"type":"cond-expr","locations":[{"start":{"line":40,"column":49},"end":{"line":40,"column":81}},{"start":{"line":40,"column":81},"end":{"line":40,"column":null}}],"line":40},"8":{"loc":{"start":{"line":71,"column":8},"end":{"line":73,"column":null}},"type":"if","locations":[{"start":{"line":71,"column":8},"end":{"line":73,"column":null}},{"start":{},"end":{}}],"line":71},"9":{"loc":{"start":{"line":121,"column":6},"end":{"line":123,"column":null}},"type":"if","locations":[{"start":{"line":121,"column":6},"end":{"line":123,"column":null}},{"start":{},"end":{}}],"line":121},"10":{"loc":{"start":{"line":134,"column":6},"end":{"line":137,"column":null}},"type":"if","locations":[{"start":{"line":134,"column":6},"end":{"line":137,"column":null}},{"start":{},"end":{}}],"line":134},"11":{"loc":{"start":{"line":151,"column":6},"end":{"line":153,"column":null}},"type":"if","locations":[{"start":{"line":151,"column":6},"end":{"line":153,"column":null}},{"start":{},"end":{}}],"line":151},"12":{"loc":{"start":{"line":221,"column":6},"end":{"line":223,"column":null}},"type":"if","locations":[{"start":{"line":221,"column":6},"end":{"line":223,"column":null}},{"start":{},"end":{}}],"line":221},"13":{"loc":{"start":{"line":244,"column":13},"end":{"line":244,"column":null}},"type":"cond-expr","locations":[{"start":{"line":244,"column":32},"end":{"line":244,"column":43}},{"start":{"line":244,"column":43},"end":{"line":244,"column":null}}],"line":244},"14":{"loc":{"start":{"line":275,"column":6},"end":{"line":277,"column":null}},"type":"if","locations":[{"start":{"line":275,"column":6},"end":{"line":277,"column":null}},{"start":{},"end":{}}],"line":275},"15":{"loc":{"start":{"line":298,"column":13},"end":{"line":298,"column":null}},"type":"cond-expr","locations":[{"start":{"line":298,"column":38},"end":{"line":298,"column":55}},{"start":{"line":298,"column":55},"end":{"line":298,"column":null}}],"line":298},"16":{"loc":{"start":{"line":310,"column":6},"end":{"line":312,"column":null}},"type":"if","locations":[{"start":{"line":310,"column":6},"end":{"line":312,"column":null}},{"start":{},"end":{}}],"line":310},"17":{"loc":{"start":{"line":415,"column":13},"end":{"line":415,"column":null}},"type":"cond-expr","locations":[{"start":{"line":415,"column":38},"end":{"line":415,"column":55}},{"start":{"line":415,"column":55},"end":{"line":415,"column":null}}],"line":415},"18":{"loc":{"start":{"line":437,"column":13},"end":{"line":437,"column":null}},"type":"cond-expr","locations":[{"start":{"line":437,"column":38},"end":{"line":437,"column":55}},{"start":{"line":437,"column":55},"end":{"line":437,"column":null}}],"line":437},"19":{"loc":{"start":{"line":516,"column":13},"end":{"line":516,"column":null}},"type":"cond-expr","locations":[{"start":{"line":516,"column":35},"end":{"line":516,"column":49}},{"start":{"line":516,"column":49},"end":{"line":516,"column":null}}],"line":516},"20":{"loc":{"start":{"line":569,"column":4},"end":{"line":571,"column":null}},"type":"if","locations":[{"start":{"line":569,"column":4},"end":{"line":571,"column":null}},{"start":{},"end":{}}],"line":569},"21":{"loc":{"start":{"line":583,"column":4},"end":{"line":591,"column":null}},"type":"if","locations":[{"start":{"line":583,"column":4},"end":{"line":591,"column":null}},{"start":{},"end":{}}],"line":583},"22":{"loc":{"start":{"line":584,"column":6},"end":{"line":586,"column":null}},"type":"if","locations":[{"start":{"line":584,"column":6},"end":{"line":586,"column":null}},{"start":{},"end":{}}],"line":584},"23":{"loc":{"start":{"line":587,"column":6},"end":{"line":590,"column":null}},"type":"if","locations":[{"start":{"line":587,"column":6},"end":{"line":590,"column":null}},{"start":{},"end":{}}],"line":587},"24":{"loc":{"start":{"line":596,"column":4},"end":{"line":598,"column":null}},"type":"if","locations":[{"start":{"line":596,"column":4},"end":{"line":598,"column":null}},{"start":{},"end":{}}],"line":596}},"s":{"0":4,"1":0,"2":4,"3":4,"4":4,"5":4,"6":4,"7":4,"8":4,"9":4,"10":4,"11":4,"12":4,"13":4,"14":4,"15":0,"16":4,"17":4,"18":24,"19":24,"20":0,"21":0,"22":0,"23":0,"24":0,"25":0,"26":0,"27":0,"28":0,"29":0,"30":0,"31":0,"32":0,"33":0,"34":0,"35":0,"36":0,"37":0,"38":0,"39":0,"40":0,"41":0,"42":0,"43":0,"44":0,"45":0,"46":0,"47":0,"48":0,"49":0,"50":0,"51":0,"52":0,"53":0,"54":0,"55":0,"56":0,"57":0,"58":0,"59":0,"60":0,"61":0,"62":0,"63":0,"64":0,"65":0,"66":0,"67":0,"68":0,"69":0,"70":0,"71":0,"72":0,"73":0,"74":0,"75":0,"76":0,"77":0,"78":0,"79":0,"80":0,"81":0,"82":0,"83":0,"84":0,"85":0,"86":0,"87":0,"88":0,"89":0,"90":0,"91":0,"92":0,"93":0,"94":0,"95":0,"96":0,"97":0,"98":0,"99":0,"100":0,"101":0,"102":0,"103":0,"104":0,"105":0,"106":0,"107":0,"108":0,"109":0,"110":0,"111":0,"112":0,"113":0,"114":0,"115":0,"116":0,"117":0,"118":0,"119":0,"120":0,"121":0,"122":0,"123":0,"124":0,"125":0,"126":0,"127":0,"128":0,"129":0,"130":0,"131":0,"132":0,"133":0,"134":0,"135":0,"136":0,"137":0,"138":0,"139":0,"140":0,"141":0,"142":0,"143":0,"144":0,"145":0,"146":0,"147":0,"148":0,"149":0,"150":0,"151":0,"152":0,"153":0,"154":0,"155":0,"156":0,"157":0,"158":0,"159":0,"160":0,"161":0,"162":0,"163":0,"164":0,"165":0,"166":0,"167":0,"168":0,"169":0,"170":0,"171":0,"172":0,"173":0,"174":0,"175":0,"176":0,"177":0,"178":0,"179":0,"180":0,"181":0,"182":0,"183":0,"184":0,"185":0,"186":0,"187":0,"188":0,"189":0,"190":0,"191":0,"192":0,"193":0,"194":0,"195":0,"196":0,"197":0,"198":0,"199":0,"200":0,"201":0,"202":0,"203":0,"204":0,"205":0,"206":0,"207":0,"208":0,"209":0,"210":0,"211":0,"212":0,"213":0,"214":0,"215":0,"216":0,"217":0,"218":0,"219":0,"220":0,"221":0,"222":0,"223":0,"224":0,"225":0,"226":0,"227":0,"228":0,"229":0,"230":0,"231":0,"232":0,"233":0,"234":0,"235":0,"236":0,"237":0,"238":0,"239":0,"240":0,"241":0,"242":0,"243":0,"244":0,"245":0,"246":0,"247":0,"248":0,"249":0,"250":0,"251":0},"f":{"0":4,"1":0,"2":4,"3":0,"4":0,"5":0,"6":0,"7":0,"8":0,"9":0,"10":0,"11":0,"12":0,"13":0,"14":0,"15":0,"16":0,"17":0,"18":0,"19":0,"20":0,"21":0,"22":0,"23":0,"24":0,"25":0,"26":0,"27":0,"28":0,"29":0,"30":0},"b":{"0":[4],"1":[0,4],"2":[2,2],"3":[2,2],"4":[2,2],"5":[2,2],"6":[2,2],"7":[2,2],"8":[0,0],"9":[0,0],"10":[0,0],"11":[0,0],"12":[0,0],"13":[0,0],"14":[0,0],"15":[0,0],"16":[0,0],"17":[0,0],"18":[0,0],"19":[0,0],"20":[0,0],"21":[0,0],"22":[0,0],"23":[0,0],"24":[0,0]},"meta":{"lastBranch":25,"lastFunction":31,"lastStatement":252,"seen":{"f:30:2:30:14":0,"b:30:62:30:66":0,"b:31:4:33:Infinity:undefined:undefined:undefined:undefined":1,"s:31:4:33:Infinity":0,"s:32:6:32:Infinity":1,"s:35:28:35:Infinity":2,"b:35:42:35:67:35:67:35:Infinity":2,"s:36:30:36:Infinity":3,"b:36:44:36:71:36:71:36:Infinity":3,"s:37:27:37:Infinity":4,"b:37:41:37:65:37:65:37:Infinity":4,"s:38:33:38:Infinity":5,"b:38:47:38:77:38:77:38:Infinity":5,"s:39:33:39:Infinity":6,"b:39:47:39:77:39:77:39:Infinity":6,"s:40:35:40:Infinity":7,"b:40:49:40:81:40:81:40:Infinity":7,"s:42:4:42:Infinity":8,"s:43:4:43:Infinity":9,"s:44:4:44:Infinity":10,"s:45:4:45:Infinity":11,"s:46:4:46:Infinity":12,"s:47:4:47:Infinity":13,"s:50:4:52:Infinity":14,"f:50:34:50:41":1,"s:51:6:51:Infinity":15,"f:55:16:55:50":2,"s:56:20:63:Infinity":16,"s:65:4:75:Infinity":17,"s:66:6:74:Infinity":18,"s:67:8:67:Infinity":19,"s:69:22:69:Infinity":20,"b:71:8:73:Infinity:undefined:undefined:undefined:undefined":8,"s:71:8:73:Infinity":21,"s:72:10:72:Infinity":22,"f:78:8:78:18":3,"s:79:19:83:Infinity":23,"s:85:4:90:Infinity":24,"s:86:6:86:Infinity":25,"s:88:6:88:Infinity":26,"s:89:6:89:Infinity":27,"f:93:8:93:18":4,"s:94:4:110:Infinity":28,"s:95:30:95:Infinity":29,"s:96:23:98:Infinity":30,"s:100:6:104:Infinity":31,"s:102:72:102:Infinity":32,"s:103:8:103:Infinity":33,"s:106:6:106:Infinity":34,"s:108:6:108:Infinity":35,"s:109:6:109:Infinity":36,"f:113:8:113:17":5,"s:114:4:126:Infinity":37,"s:115:21:115:Infinity":38,"s:117:70:117:Infinity":39,"s:118:6:118:Infinity":40,"s:120:18:120:Infinity":41,"b:121:6:123:Infinity:undefined:undefined:undefined:undefined":9,"s:121:6:123:Infinity":42,"s:122:8:122:Infinity":43,"s:124:6:124:Infinity":44,"s:125:6:125:Infinity":45,"f:129:8:129:20":6,"s:130:4:140:Infinity":46,"s:131:6:131:Infinity":47,"s:133:18:133:Infinity":48,"b:134:6:137:Infinity:undefined:undefined:undefined:undefined":10,"s:134:6:137:Infinity":49,"s:136:8:136:Infinity":50,"s:138:6:138:Infinity":51,"s:139:6:139:Infinity":52,"f:143:8:143:19":7,"s:144:4:156:Infinity":53,"s:145:21:145:Infinity":54,"s:147:72:147:Infinity":55,"s:148:6:148:Infinity":56,"s:150:18:150:Infinity":57,"b:151:6:153:Infinity:undefined:undefined:undefined:undefined":11,"s:151:6:153:Infinity":58,"s:152:8:152:Infinity":59,"s:154:6:154:Infinity":60,"s:155:6:155:Infinity":61,"f:159:8:159:26":8,"s:160:4:179:Infinity":62,"s:162:27:166:Infinity":63,"s:169:6:173:Infinity":64,"s:171:74:171:Infinity":65,"s:172:8:172:Infinity":66,"s:175:6:175:Infinity":67,"s:177:6:177:Infinity":68,"s:178:6:178:Infinity":69,"f:182:8:182:20":9,"s:183:19:187:Infinity":70,"s:189:4:194:Infinity":71,"s:190:6:190:Infinity":72,"s:192:6:192:Infinity":73,"s:193:6:193:Infinity":74,"f:198:8:198:17":10,"s:199:19:203:Infinity":75,"s:205:4:210:Infinity":76,"s:206:6:206:Infinity":77,"s:208:6:208:Infinity":78,"s:209:6:209:Infinity":79,"f:213:8:213:16":11,"s:214:4:226:Infinity":80,"s:215:21:215:Infinity":81,"s:217:69:217:Infinity":82,"s:218:6:218:Infinity":83,"s:220:18:220:Infinity":84,"b:221:6:223:Infinity:undefined:undefined:undefined:undefined":12,"s:221:6:223:Infinity":85,"s:222:8:222:Infinity":86,"s:224:6:224:Infinity":87,"s:225:6:225:Infinity":88,"f:229:8:229:23":12,"s:230:4:248:Infinity":89,"s:231:28:231:Infinity":90,"s:232:23:236:Infinity":91,"s:238:6:242:Infinity":92,"s:240:71:240:Infinity":93,"s:241:8:241:Infinity":94,"s:244:6:244:Infinity":95,"b:244:32:244:43:244:43:244:Infinity":13,"s:246:6:246:Infinity":96,"s:247:6:247:Infinity":97,"f:252:8:252:23":13,"s:253:19:257:Infinity":98,"s:259:4:264:Infinity":99,"s:260:6:260:Infinity":100,"s:262:6:262:Infinity":101,"s:263:6:263:Infinity":102,"f:267:8:267:22":14,"s:268:4:280:Infinity":103,"s:269:21:269:Infinity":104,"s:271:75:271:Infinity":105,"s:272:6:272:Infinity":106,"s:274:18:274:Infinity":107,"b:275:6:277:Infinity:undefined:undefined:undefined:undefined":14,"s:275:6:277:Infinity":108,"s:276:8:276:Infinity":109,"s:278:6:278:Infinity":110,"s:279:6:279:Infinity":111,"f:283:8:283:26":15,"s:284:4:302:Infinity":112,"s:285:47:285:Infinity":113,"s:286:23:290:Infinity":114,"s:292:6:296:Infinity":115,"s:294:77:294:Infinity":116,"s:295:8:295:Infinity":117,"s:298:6:298:Infinity":118,"b:298:38:298:55:298:55:298:Infinity":15,"s:300:6:300:Infinity":119,"s:301:6:301:Infinity":120,"f:305:8:305:25":16,"s:306:4:315:Infinity":121,"s:307:6:307:Infinity":122,"s:309:18:309:Infinity":123,"b:310:6:312:Infinity:undefined:undefined:undefined:undefined":16,"s:310:6:312:Infinity":124,"s:311:8:311:Infinity":125,"s:313:6:313:Infinity":126,"s:314:6:314:Infinity":127,"f:318:8:318:29":17,"s:319:4:337:Infinity":128,"s:320:47:320:Infinity":129,"s:321:23:325:Infinity":130,"s:327:6:331:Infinity":131,"s:329:77:329:Infinity":132,"s:330:8:330:Infinity":133,"s:333:6:333:Infinity":134,"s:335:6:335:Infinity":135,"s:336:6:336:Infinity":136,"f:340:8:340:32":18,"s:341:4:359:Infinity":137,"s:342:47:342:Infinity":138,"s:343:23:347:Infinity":139,"s:349:6:353:Infinity":140,"s:351:77:351:Infinity":141,"s:352:8:352:Infinity":142,"s:355:6:355:Infinity":143,"s:357:6:357:Infinity":144,"s:358:6:358:Infinity":145,"f:362:8:362:39":19,"s:363:4:381:Infinity":146,"s:364:47:364:Infinity":147,"s:365:23:369:Infinity":148,"s:371:6:375:Infinity":149,"s:373:77:373:Infinity":150,"s:374:8:374:Infinity":151,"s:377:6:377:Infinity":152,"s:379:6:379:Infinity":153,"s:380:6:380:Infinity":154,"f:385:8:385:23":20,"s:386:19:390:Infinity":155,"s:392:4:397:Infinity":156,"s:393:6:393:Infinity":157,"s:395:6:395:Infinity":158,"s:396:6:396:Infinity":159,"f:400:8:400:22":21,"s:401:4:419:Infinity":160,"s:402:46:402:Infinity":161,"s:403:23:407:Infinity":162,"s:409:6:413:Infinity":163,"s:411:77:411:Infinity":164,"s:412:8:412:Infinity":165,"s:415:6:415:Infinity":166,"b:415:38:415:55:415:55:415:Infinity":17,"s:417:6:417:Infinity":167,"s:418:6:418:Infinity":168,"f:422:8:422:29":22,"s:423:4:441:Infinity":169,"s:424:46:424:Infinity":170,"s:425:23:429:Infinity":171,"s:431:6:435:Infinity":172,"s:433:77:433:Infinity":173,"s:434:8:434:Infinity":174,"s:437:6:437:Infinity":175,"b:437:38:437:55:437:55:437:Infinity":18,"s:439:6:439:Infinity":176,"s:440:6:440:Infinity":177,"f:444:8:444:39":23,"s:445:4:463:Infinity":178,"s:446:46:446:Infinity":179,"s:447:23:451:Infinity":180,"s:453:6:457:Infinity":181,"s:455:77:455:Infinity":182,"s:456:8:456:Infinity":183,"s:459:6:459:Infinity":184,"s:461:6:461:Infinity":185,"s:462:6:462:Infinity":186,"f:466:8:466:43":24,"s:467:4:482:Infinity":187,"s:468:12:468:Infinity":188,"s:469:23:473:Infinity":189,"s:475:6:479:Infinity":190,"s:476:27:476:Infinity":191,"s:477:8:477:Infinity":192,"s:478:8:478:Infinity":193,"s:481:6:481:Infinity":194,"f:486:8:486:32":25,"s:487:19:491:Infinity":195,"s:493:4:498:Infinity":196,"s:494:6:494:Infinity":197,"s:496:6:496:Infinity":198,"s:497:6:497:Infinity":199,"f:501:8:501:31":26,"s:502:4:520:Infinity":200,"s:503:51:503:Infinity":201,"s:504:23:508:Infinity":202,"s:510:6:514:Infinity":203,"s:512:74:512:Infinity":204,"s:513:8:513:Infinity":205,"s:516:6:516:Infinity":206,"b:516:35:516:49:516:49:516:Infinity":19,"s:518:6:518:Infinity":207,"s:519:6:519:Infinity":208,"f:523:8:523:31":27,"s:524:4:542:Infinity":209,"s:525:51:525:Infinity":210,"s:526:23:530:Infinity":211,"s:532:6:536:Infinity":212,"s:534:74:534:Infinity":213,"s:535:8:535:Infinity":214,"s:538:6:538:Infinity":215,"s:540:6:540:Infinity":216,"s:541:6:541:Infinity":217,"f:545:8:545:71":28,"s:546:4:564:Infinity":218,"s:547:51:547:Infinity":219,"s:548:23:552:Infinity":220,"s:554:6:558:Infinity":221,"s:556:74:556:Infinity":222,"s:557:8:557:Infinity":223,"s:560:6:560:Infinity":224,"s:562:6:562:Infinity":225,"s:563:6:563:Infinity":226,"f:567:8:567:28":29,"s:568:20:568:Infinity":227,"b:569:4:571:Infinity:undefined:undefined:undefined:undefined":20,"s:569:4:571:Infinity":228,"s:570:6:570:Infinity":229,"s:573:4:573:Infinity":230,"s:574:4:574:Infinity":231,"s:575:4:575:Infinity":232,"s:576:4:576:Infinity":233,"s:577:4:577:Infinity":234,"s:579:4:579:Infinity":235,"s:582:17:582:Infinity":236,"b:583:4:591:Infinity:undefined:undefined:undefined:undefined":21,"s:583:4:591:Infinity":237,"b:584:6:586:Infinity:undefined:undefined:undefined:undefined":22,"s:584:6:586:Infinity":238,"s:585:8:585:Infinity":239,"b:587:6:590:Infinity:undefined:undefined:undefined:undefined":23,"s:587:6:590:Infinity":240,"s:588:8:588:Infinity":241,"s:589:8:589:Infinity":242,"f:594:8:594:27":30,"s:595:20:595:Infinity":243,"b:596:4:598:Infinity:undefined:undefined:undefined:undefined":24,"s:596:4:598:Infinity":244,"s:597:6:597:Infinity":245,"s:600:4:600:Infinity":246,"s:601:4:601:Infinity":247,"s:602:4:602:Infinity":248,"s:603:4:603:Infinity":249,"s:604:4:604:Infinity":250,"s:606:4:606:Infinity":251}}}
,"/home/runner/work/fire-santa-run/fire-santa-run/src/storage/http.ts": {"path":"/home/runner/work/fire-santa-run/fire-santa-run/src/storage/http.ts","statementMap":{"0":{"start":{"line":17,"column":4},"end":{"line":17,"column":null}},"1":{"start":{"line":21,"column":24},"end":{"line":21,"column":null}},"2":{"start":{"line":22,"column":17},"end":{"line":22,"column":null}},"3":{"start":{"line":23,"column":4},"end":{"line":25,"column":null}},"4":{"start":{"line":24,"column":6},"end":{"line":24,"column":null}},"5":{"start":{"line":26,"column":4},"end":{"line":30,"column":null}},"6":{"start":{"line":27,"column":6},"end":{"line":27,"column":null}},"7":{"start":{"line":29,"column":6},"end":{"line":29,"column":null}},"8":{"start":{"line":35,"column":21},"end":{"line":35,"column":null}},"9":{"start":{"line":36,"column":4},"end":{"line":38,"column":null}},"10":{"start":{"line":37,"column":6},"end":{"line":37,"column":null}},"11":{"start":{"line":39,"column":4},"end":{"line":39,"column":null}},"12":{"start":{"line":43,"column":21},"end":{"line":43,"column":null}},"13":{"start":{"line":44,"column":4},"end":{"line":46,"column":null}},"14":{"start":{"line":45,"column":6},"end":{"line":45,"column":null}},"15":{"start":{"line":47,"column":4},"end":{"line":49,"column":null}},"16":{"start":{"line":48,"column":6},"end":{"line":48,"column":null}},"17":{"start":{"line":50,"column":4},"end":{"line":50,"column":null}},"18":{"start":{"line":55,"column":26},"end":{"line":55,"column":null}},"19":{"start":{"line":57,"column":4},"end":{"line":77,"column":null}},"20":{"start":{"line":59,"column":23},"end":{"line":63,"column":null}},"21":{"start":{"line":64,"column":6},"end":{"line":66,"column":null}},"22":{"start":{"line":65,"column":8},"end":{"line":65,"column":null}},"23":{"start":{"line":69,"column":23},"end":{"line":73,"column":null}},"24":{"start":{"line":74,"column":6},"end":{"line":76,"column":null}},"25":{"start":{"line":75,"column":8},"end":{"line":75,"column":null}},"26":{"start":{"line":81,"column":21},"end":{"line":83,"column":null}},"27":{"start":{"line":84,"column":4},"end":{"line":86,"column":null}},"28":{"start":{"line":85,"column":6},"end":{"line":85,"column":null}},"29":{"start":{"line":91,"column":21},"end":{"line":91,"column":null}},"30":{"start":{"line":92,"column":4},"end":{"line":94,"column":null}},"31":{"start":{"line":93,"column":6},"end":{"line":93,"column":null}},"32":{"start":{"line":95,"column":4},"end":{"line":95,"column":null}},"33":{"start":{"line":99,"column":21},"end":{"line":99,"column":null}},"34":{"start":{"line":100,"column":4},"end":{"line":102,"column":null}},"35":{"start":{"line":101,"column":6},"end":{"line":101,"column":null}},"36":{"start":{"line":103,"column":4},"end":{"line":105,"column":null}},"37":{"start":{"line":104,"column":6},"end":{"line":104,"column":null}},"38":{"start":{"line":106,"column":4},"end":{"line":106,"column":null}},"39":{"start":{"line":110,"column":21},"end":{"line":110,"column":null}},"40":{"start":{"line":111,"column":4},"end":{"line":113,"column":null}},"41":{"start":{"line":112,"column":6},"end":{"line":112,"column":null}},"42":{"start":{"line":114,"column":4},"end":{"line":116,"column":null}},"43":{"start":{"line":115,"column":6},"end":{"line":115,"column":null}},"44":{"start":{"line":117,"column":4},"end":{"line":117,"column":null}},"45":{"start":{"line":121,"column":28},"end":{"line":121,"column":null}},"46":{"start":{"line":123,"column":4},"end":{"line":143,"column":null}},"47":{"start":{"line":125,"column":23},"end":{"line":129,"column":null}},"48":{"start":{"line":130,"column":6},"end":{"line":132,"column":null}},"49":{"start":{"line":131,"column":8},"end":{"line":131,"column":null}},"50":{"start":{"line":135,"column":23},"end":{"line":139,"column":null}},"51":{"start":{"line":140,"column":6},"end":{"line":142,"column":null}},"52":{"start":{"line":141,"column":8},"end":{"line":141,"column":null}},"53":{"start":{"line":147,"column":21},"end":{"line":149,"column":null}},"54":{"start":{"line":150,"column":4},"end":{"line":152,"column":null}},"55":{"start":{"line":151,"column":6},"end":{"line":151,"column":null}},"56":{"start":{"line":157,"column":21},"end":{"line":161,"column":null}},"57":{"start":{"line":162,"column":4},"end":{"line":164,"column":null}},"58":{"start":{"line":163,"column":6},"end":{"line":163,"column":null}},"59":{"start":{"line":168,"column":21},"end":{"line":168,"column":null}},"60":{"start":{"line":169,"column":4},"end":{"line":171,"column":null}},"61":{"start":{"line":170,"column":6},"end":{"line":170,"column":null}},"62":{"start":{"line":172,"column":4},"end":{"line":174,"column":null}},"63":{"start":{"line":173,"column":6},"end":{"line":173,"column":null}},"64":{"start":{"line":175,"column":4},"end":{"line":175,"column":null}},"65":{"start":{"line":179,"column":21},"end":{"line":179,"column":null}},"66":{"start":{"line":180,"column":4},"end":{"line":182,"column":null}},"67":{"start":{"line":181,"column":6},"end":{"line":181,"column":null}},"68":{"start":{"line":183,"column":4},"end":{"line":185,"column":null}},"69":{"start":{"line":184,"column":6},"end":{"line":184,"column":null}},"70":{"start":{"line":186,"column":4},"end":{"line":186,"column":null}},"71":{"start":{"line":191,"column":4},"end":{"line":191,"column":null}},"72":{"start":{"line":195,"column":4},"end":{"line":195,"column":null}},"73":{"start":{"line":199,"column":4},"end":{"line":199,"column":null}},"74":{"start":{"line":203,"column":4},"end":{"line":203,"column":null}},"75":{"start":{"line":207,"column":21},"end":{"line":207,"column":null}},"76":{"start":{"line":208,"column":4},"end":{"line":210,"column":null}},"77":{"start":{"line":209,"column":6},"end":{"line":209,"column":null}},"78":{"start":{"line":211,"column":4},"end":{"line":211,"column":null}},"79":{"start":{"line":215,"column":21},"end":{"line":215,"column":null}},"80":{"start":{"line":216,"column":4},"end":{"line":218,"column":null}},"81":{"start":{"line":217,"column":6},"end":{"line":217,"column":null}},"82":{"start":{"line":219,"column":4},"end":{"line":219,"column":null}},"83":{"start":{"line":223,"column":21},"end":{"line":223,"column":null}},"84":{"start":{"line":224,"column":4},"end":{"line":226,"column":null}},"85":{"start":{"line":225,"column":6},"end":{"line":225,"column":null}},"86":{"start":{"line":227,"column":4},"end":{"line":227,"column":null}},"87":{"start":{"line":232,"column":4},"end":{"line":232,"column":null}},"88":{"start":{"line":236,"column":4},"end":{"line":236,"column":null}},"89":{"start":{"line":240,"column":4},"end":{"line":240,"column":null}},"90":{"start":{"line":244,"column":4},"end":{"line":244,"column":null}},"91":{"start":{"line":248,"column":4},"end":{"line":248,"column":null}},"92":{"start":{"line":253,"column":4},"end":{"line":253,"column":null}},"93":{"start":{"line":257,"column":4},"end":{"line":257,"column":null}},"94":{"start":{"line":261,"column":4},"end":{"line":261,"column":null}},"95":{"start":{"line":265,"column":4},"end":{"line":265,"column":null}},"96":{"start":{"line":269,"column":4},"end":{"line":269,"column":null}},"97":{"start":{"line":273,"column":4},"end":{"line":273,"column":null}}},"fnMap":{"0":{"name":"(anonymous_0)","decl":{"start":{"line":16,"column":2},"end":{"line":16,"column":14}},"loc":{"start":{"line":16,"column":43},"end":{"line":18,"column":null}},"line":16},"1":{"name":"(anonymous_1)","decl":{"start":{"line":20,"column":16},"end":{"line":20,"column":34}},"loc":{"start":{"line":20,"column":54},"end":{"line":31,"column":null}},"line":20},"2":{"name":"(anonymous_2)","decl":{"start":{"line":34,"column":8},"end":{"line":34,"column":18}},"loc":{"start":{"line":34,"column":55},"end":{"line":40,"column":null}},"line":34},"3":{"name":"(anonymous_3)","decl":{"start":{"line":42,"column":8},"end":{"line":42,"column":17}},"loc":{"start":{"line":42,"column":76},"end":{"line":51,"column":null}},"line":42},"4":{"name":"(anonymous_4)","decl":{"start":{"line":53,"column":8},"end":{"line":53,"column":18}},"loc":{"start":{"line":53,"column":66},"end":{"line":78,"column":null}},"line":53},"5":{"name":"(anonymous_5)","decl":{"start":{"line":80,"column":8},"end":{"line":80,"column":20}},"loc":{"start":{"line":80,"column":71},"end":{"line":87,"column":null}},"line":80},"6":{"name":"(anonymous_6)","decl":{"start":{"line":90,"column":8},"end":{"line":90,"column":42}},"loc":{"start":{"line":90,"column":42},"end":{"line":96,"column":null}},"line":90},"7":{"name":"(anonymous_7)","decl":{"start":{"line":98,"column":8},"end":{"line":98,"column":19}},"loc":{"start":{"line":98,"column":63},"end":{"line":107,"column":null}},"line":98},"8":{"name":"(anonymous_8)","decl":{"start":{"line":109,"column":8},"end":{"line":109,"column":26}},"loc":{"start":{"line":109,"column":73},"end":{"line":118,"column":null}},"line":109},"9":{"name":"(anonymous_9)","decl":{"start":{"line":120,"column":8},"end":{"line":120,"column":20}},"loc":{"start":{"line":120,"column":53},"end":{"line":144,"column":null}},"line":120},"10":{"name":"(anonymous_10)","decl":{"start":{"line":146,"column":8},"end":{"line":146,"column":22}},"loc":{"start":{"line":146,"column":56},"end":{"line":153,"column":null}},"line":146},"11":{"name":"(anonymous_11)","decl":{"start":{"line":156,"column":8},"end":{"line":156,"column":17}},"loc":{"start":{"line":156,"column":44},"end":{"line":165,"column":null}},"line":156},"12":{"name":"(anonymous_12)","decl":{"start":{"line":167,"column":8},"end":{"line":167,"column":16}},"loc":{"start":{"line":167,"column":54},"end":{"line":176,"column":null}},"line":167},"13":{"name":"(anonymous_13)","decl":{"start":{"line":178,"column":8},"end":{"line":178,"column":23}},"loc":{"start":{"line":178,"column":60},"end":{"line":187,"column":null}},"line":178},"14":{"name":"(anonymous_14)","decl":{"start":{"line":190,"column":8},"end":{"line":190,"column":23}},"loc":{"start":{"line":190,"column":70},"end":{"line":192,"column":null}},"line":190},"15":{"name":"(anonymous_15)","decl":{"start":{"line":194,"column":8},"end":{"line":194,"column":22}},"loc":{"start":{"line":194,"column":94},"end":{"line":196,"column":null}},"line":194},"16":{"name":"(anonymous_16)","decl":{"start":{"line":198,"column":8},"end":{"line":198,"column":26}},"loc":{"start":{"line":198,"column":84},"end":{"line":200,"column":null}},"line":198},"17":{"name":"(anonymous_17)","decl":{"start":{"line":202,"column":8},"end":{"line":202,"column":25}},"loc":{"start":{"line":202,"column":77},"end":{"line":204,"column":null}},"line":202},"18":{"name":"(anonymous_18)","decl":{"start":{"line":206,"column":8},"end":{"line":206,"column":29}},"loc":{"start":{"line":206,"column":75},"end":{"line":212,"column":null}},"line":206},"19":{"name":"(anonymous_19)","decl":{"start":{"line":214,"column":8},"end":{"line":214,"column":32}},"loc":{"start":{"line":214,"column":81},"end":{"line":220,"column":null}},"line":214},"20":{"name":"(anonymous_20)","decl":{"start":{"line":222,"column":8},"end":{"line":222,"column":39}},"loc":{"start":{"line":222,"column":88},"end":{"line":228,"column":null}},"line":222},"21":{"name":"(anonymous_21)","decl":{"start":{"line":231,"column":8},"end":{"line":231,"column":23}},"loc":{"start":{"line":231,"column":69},"end":{"line":233,"column":null}},"line":231},"22":{"name":"(anonymous_22)","decl":{"start":{"line":235,"column":8},"end":{"line":235,"column":22}},"loc":{"start":{"line":235,"column":79},"end":{"line":237,"column":null}},"line":235},"23":{"name":"(anonymous_23)","decl":{"start":{"line":239,"column":8},"end":{"line":239,"column":29}},"loc":{"start":{"line":239,"column":79},"end":{"line":241,"column":null}},"line":239},"24":{"name":"(anonymous_24)","decl":{"start":{"line":243,"column":8},"end":{"line":243,"column":39}},"loc":{"start":{"line":243,"column":88},"end":{"line":245,"column":null}},"line":243},"25":{"name":"(anonymous_25)","decl":{"start":{"line":247,"column":8},"end":{"line":247,"column":43}},"loc":{"start":{"line":247,"column":43},"end":{"line":249,"column":null}},"line":247},"26":{"name":"(anonymous_26)","decl":{"start":{"line":252,"column":8},"end":{"line":252,"column":32}},"loc":{"start":{"line":252,"column":83},"end":{"line":254,"column":null}},"line":252},"27":{"name":"(anonymous_27)","decl":{"start":{"line":256,"column":8},"end":{"line":256,"column":31}},"loc":{"start":{"line":256,"column":93},"end":{"line":258,"column":null}},"line":256},"28":{"name":"(anonymous_28)","decl":{"start":{"line":260,"column":8},"end":{"line":260,"column":31}},"loc":{"start":{"line":260,"column":85},"end":{"line":262,"column":null}},"line":260},"29":{"name":"(anonymous_29)","decl":{"start":{"line":264,"column":8},"end":{"line":264,"column":71}},"loc":{"start":{"line":264,"column":71},"end":{"line":266,"column":null}},"line":264},"30":{"name":"(anonymous_30)","decl":{"start":{"line":268,"column":8},"end":{"line":268,"column":28}},"loc":{"start":{"line":268,"column":107},"end":{"line":270,"column":null}},"line":268},"31":{"name":"(anonymous_31)","decl":{"start":{"line":272,"column":8},"end":{"line":272,"column":27}},"loc":{"start":{"line":272,"column":105},"end":{"line":274,"column":null}},"line":272}},"branchMap":{"0":{"loc":{"start":{"line":16,"column":14},"end":{"line":16,"column":43}},"type":"default-arg","locations":[{"start":{"line":16,"column":35},"end":{"line":16,"column":43}}],"line":16},"1":{"loc":{"start":{"line":21,"column":24},"end":{"line":21,"column":null}},"type":"binary-expr","locations":[{"start":{"line":21,"column":24},"end":{"line":21,"column":64}},{"start":{"line":21,"column":64},"end":{"line":21,"column":null}}],"line":21},"2":{"loc":{"start":{"line":23,"column":4},"end":{"line":25,"column":null}},"type":"if","locations":[{"start":{"line":23,"column":4},"end":{"line":25,"column":null}},{"start":{},"end":{}}],"line":23},"3":{"loc":{"start":{"line":29,"column":56},"end":{"line":29,"column":104}},"type":"cond-expr","locations":[{"start":{"line":29,"column":79},"end":{"line":29,"column":93}},{"start":{"line":29,"column":93},"end":{"line":29,"column":104}}],"line":29},"4":{"loc":{"start":{"line":36,"column":4},"end":{"line":38,"column":null}},"type":"if","locations":[{"start":{"line":36,"column":4},"end":{"line":38,"column":null}},{"start":{},"end":{}}],"line":36},"5":{"loc":{"start":{"line":44,"column":4},"end":{"line":46,"column":null}},"type":"if","locations":[{"start":{"line":44,"column":4},"end":{"line":46,"column":null}},{"start":{},"end":{}}],"line":44},"6":{"loc":{"start":{"line":47,"column":4},"end":{"line":49,"column":null}},"type":"if","locations":[{"start":{"line":47,"column":4},"end":{"line":49,"column":null}},{"start":{},"end":{}}],"line":47},"7":{"loc":{"start":{"line":57,"column":4},"end":{"line":77,"column":null}},"type":"if","locations":[{"start":{"line":57,"column":4},"end":{"line":77,"column":null}},{"start":{"line":67,"column":11},"end":{"line":77,"column":null}}],"line":57},"8":{"loc":{"start":{"line":64,"column":6},"end":{"line":66,"column":null}},"type":"if","locations":[{"start":{"line":64,"column":6},"end":{"line":66,"column":null}},{"start":{},"end":{}}],"line":64},"9":{"loc":{"start":{"line":74,"column":6},"end":{"line":76,"column":null}},"type":"if","locations":[{"start":{"line":74,"column":6},"end":{"line":76,"column":null}},{"start":{},"end":{}}],"line":74},"10":{"loc":{"start":{"line":84,"column":4},"end":{"line":86,"column":null}},"type":"if","locations":[{"start":{"line":84,"column":4},"end":{"line":86,"column":null}},{"start":{},"end":{}}],"line":84},"11":{"loc":{"start":{"line":84,"column":8},"end":{"line":84,"column":49}},"type":"binary-expr","locations":[{"start":{"line":84,"column":8},"end":{"line":84,"column":24}},{"start":{"line":84,"column":24},"end":{"line":84,"column":49}}],"line":84},"12":{"loc":{"start":{"line":92,"column":4},"end":{"line":94,"column":null}},"type":"if","locations":[{"start":{"line":92,"column":4},"end":{"line":94,"column":null}},{"start":{},"end":{}}],"line":92},"13":{"loc":{"start":{"line":100,"column":4},"end":{"line":102,"column":null}},"type":"if","locations":[{"start":{"line":100,"column":4},"end":{"line":102,"column":null}},{"start":{},"end":{}}],"line":100},"14":{"loc":{"start":{"line":103,"column":4},"end":{"line":105,"column":null}},"type":"if","locations":[{"start":{"line":103,"column":4},"end":{"line":105,"column":null}},{"start":{},"end":{}}],"line":103},"15":{"loc":{"start":{"line":111,"column":4},"end":{"line":113,"column":null}},"type":"if","locations":[{"start":{"line":111,"column":4},"end":{"line":113,"column":null}},{"start":{},"end":{}}],"line":111},"16":{"loc":{"start":{"line":114,"column":4},"end":{"line":116,"column":null}},"type":"if","locations":[{"start":{"line":114,"column":4},"end":{"line":116,"column":null}},{"start":{},"end":{}}],"line":114},"17":{"loc":{"start":{"line":123,"column":4},"end":{"line":143,"column":null}},"type":"if","locations":[{"start":{"line":123,"column":4},"end":{"line":143,"column":null}},{"start":{"line":133,"column":11},"end":{"line":143,"column":null}}],"line":123},"18":{"loc":{"start":{"line":130,"column":6},"end":{"line":132,"column":null}},"type":"if","locations":[{"start":{"line":130,"column":6},"end":{"line":132,"column":null}},{"start":{},"end":{}}],"line":130},"19":{"loc":{"start":{"line":140,"column":6},"end":{"line":142,"column":null}},"type":"if","locations":[{"start":{"line":140,"column":6},"end":{"line":142,"column":null}},{"start":{},"end":{}}],"line":140},"20":{"loc":{"start":{"line":150,"column":4},"end":{"line":152,"column":null}},"type":"if","locations":[{"start":{"line":150,"column":4},"end":{"line":152,"column":null}},{"start":{},"end":{}}],"line":150},"21":{"loc":{"start":{"line":150,"column":8},"end":{"line":150,"column":49}},"type":"binary-expr","locations":[{"start":{"line":150,"column":8},"end":{"line":150,"column":24}},{"start":{"line":150,"column":24},"end":{"line":150,"column":49}}],"line":150},"22":{"loc":{"start":{"line":162,"column":4},"end":{"line":164,"column":null}},"type":"if","locations":[{"start":{"line":162,"column":4},"end":{"line":164,"column":null}},{"start":{},"end":{}}],"line":162},"23":{"loc":{"start":{"line":169,"column":4},"end":{"line":171,"column":null}},"type":"if","locations":[{"start":{"line":169,"column":4},"end":{"line":171,"column":null}},{"start":{},"end":{}}],"line":169},"24":{"loc":{"start":{"line":172,"column":4},"end":{"line":174,"column":null}},"type":"if","locations":[{"start":{"line":172,"column":4},"end":{"line":174,"column":null}},{"start":{},"end":{}}],"line":172},"25":{"loc":{"start":{"line":180,"column":4},"end":{"line":182,"column":null}},"type":"if","locations":[{"start":{"line":180,"column":4},"end":{"line":182,"column":null}},{"start":{},"end":{}}],"line":180},"26":{"loc":{"start":{"line":183,"column":4},"end":{"line":185,"column":null}},"type":"if","locations":[{"start":{"line":183,"column":4},"end":{"line":185,"column":null}},{"start":{},"end":{}}],"line":183},"27":{"loc":{"start":{"line":208,"column":4},"end":{"line":210,"column":null}},"type":"if","locations":[{"start":{"line":208,"column":4},"end":{"line":210,"column":null}},{"start":{},"end":{}}],"line":208},"28":{"loc":{"start":{"line":216,"column":4},"end":{"line":218,"column":null}},"type":"if","locations":[{"start":{"line":216,"column":4},"end":{"line":218,"column":null}},{"start":{},"end":{}}],"line":216},"29":{"loc":{"start":{"line":224,"column":4},"end":{"line":226,"column":null}},"type":"if","locations":[{"start":{"line":224,"column":4},"end":{"line":226,"column":null}},{"start":{},"end":{}}],"line":224}},"s":{"0":12,"1":3,"2":3,"3":3,"4":0,"5":3,"6":3,"7":0,"8":0,"9":0,"10":0,"11":0,"12":0,"13":0,"14":0,"15":0,"16":0,"17":0,"18":0,"19":0,"20":0,"21":0,"22":0,"23":0,"24":0,"25":0,"26":0,"27":0,"28":0,"29":0,"30":0,"31":0,"32":0,"33":0,"34":0,"35":0,"36":0,"37":0,"38":0,"39":0,"40":0,"41":0,"42":0,"43":0,"44":0,"45":0,"46":0,"47":0,"48":0,"49":0,"50":0,"51":0,"52":0,"53":0,"54":0,"55":0,"56":2,"57":2,"58":1,"59":2,"60":2,"61":1,"62":1,"63":0,"64":1,"65":4,"66":4,"67":2,"68":2,"69":1,"70":1,"71":0,"72":0,"73":0,"74":0,"75":2,"76":2,"77":1,"78":1,"79":1,"80":1,"81":0,"82":1,"83":1,"84":1,"85":0,"86":1,"87":0,"88":0,"89":0,"90":0,"91":0,"92":0,"93":0,"94":0,"95":0,"96":0,"97":0},"f":{"0":12,"1":3,"2":0,"3":0,"4":0,"5":0,"6":0,"7":0,"8":0,"9":0,"10":0,"11":2,"12":2,"13":4,"14":0,"15":0,"16":0,"17":0,"18":2,"19":1,"20":1,"21":0,"22":0,"23":0,"24":0,"25":0,"26":0,"27":0,"28":0,"29":0,"30":0,"31":0},"b":{"0":[12],"1":[3,0],"2":[0,3],"3":[0,0],"4":[0,0],"5":[0,0],"6":[0,0],"7":[0,0],"8":[0,0],"9":[0,0],"10":[0,0],"11":[0,0],"12":[0,0],"13":[0,0],"14":[0,0],"15":[0,0],"16":[0,0],"17":[0,0],"18":[0,0],"19":[0,0],"20":[0,0],"21":[0,0],"22":[1,1],"23":[1,1],"24":[0,1],"25":[2,2],"26":[1,1],"27":[1,1],"28":[0,1],"29":[0,1]},"meta":{"lastBranch":30,"lastFunction":32,"lastStatement":98,"seen":{"f:16:2:16:14":0,"b:16:35:16:43":0,"s:17:4:17:Infinity":0,"f:20:16:20:34":1,"s:21:24:21:Infinity":1,"b:21:24:21:64:21:64:21:Infinity":1,"s:22:17:22:Infinity":2,"b:23:4:25:Infinity:undefined:undefined:undefined:undefined":2,"s:23:4:25:Infinity":3,"s:24:6:24:Infinity":4,"s:26:4:30:Infinity":5,"s:27:6:27:Infinity":6,"s:29:6:29:Infinity":7,"b:29:79:29:93:29:93:29:104":3,"f:34:8:34:18":2,"s:35:21:35:Infinity":8,"b:36:4:38:Infinity:undefined:undefined:undefined:undefined":4,"s:36:4:38:Infinity":9,"s:37:6:37:Infinity":10,"s:39:4:39:Infinity":11,"f:42:8:42:17":3,"s:43:21:43:Infinity":12,"b:44:4:46:Infinity:undefined:undefined:undefined:undefined":5,"s:44:4:46:Infinity":13,"s:45:6:45:Infinity":14,"b:47:4:49:Infinity:undefined:undefined:undefined:undefined":6,"s:47:4:49:Infinity":15,"s:48:6:48:Infinity":16,"s:50:4:50:Infinity":17,"f:53:8:53:18":4,"s:55:26:55:Infinity":18,"b:57:4:77:Infinity:67:11:77:Infinity":7,"s:57:4:77:Infinity":19,"s:59:23:63:Infinity":20,"b:64:6:66:Infinity:undefined:undefined:undefined:undefined":8,"s:64:6:66:Infinity":21,"s:65:8:65:Infinity":22,"s:69:23:73:Infinity":23,"b:74:6:76:Infinity:undefined:undefined:undefined:undefined":9,"s:74:6:76:Infinity":24,"s:75:8:75:Infinity":25,"f:80:8:80:20":5,"s:81:21:83:Infinity":26,"b:84:4:86:Infinity:undefined:undefined:undefined:undefined":10,"s:84:4:86:Infinity":27,"b:84:8:84:24:84:24:84:49":11,"s:85:6:85:Infinity":28,"f:90:8:90:42":6,"s:91:21:91:Infinity":29,"b:92:4:94:Infinity:undefined:undefined:undefined:undefined":12,"s:92:4:94:Infinity":30,"s:93:6:93:Infinity":31,"s:95:4:95:Infinity":32,"f:98:8:98:19":7,"s:99:21:99:Infinity":33,"b:100:4:102:Infinity:undefined:undefined:undefined:undefined":13,"s:100:4:102:Infinity":34,"s:101:6:101:Infinity":35,"b:103:4:105:Infinity:undefined:undefined:undefined:undefined":14,"s:103:4:105:Infinity":36,"s:104:6:104:Infinity":37,"s:106:4:106:Infinity":38,"f:109:8:109:26":8,"s:110:21:110:Infinity":39,"b:111:4:113:Infinity:undefined:undefined:undefined:undefined":15,"s:111:4:113:Infinity":40,"s:112:6:112:Infinity":41,"b:114:4:116:Infinity:undefined:undefined:undefined:undefined":16,"s:114:4:116:Infinity":42,"s:115:6:115:Infinity":43,"s:117:4:117:Infinity":44,"f:120:8:120:20":9,"s:121:28:121:Infinity":45,"b:123:4:143:Infinity:133:11:143:Infinity":17,"s:123:4:143:Infinity":46,"s:125:23:129:Infinity":47,"b:130:6:132:Infinity:undefined:undefined:undefined:undefined":18,"s:130:6:132:Infinity":48,"s:131:8:131:Infinity":49,"s:135:23:139:Infinity":50,"b:140:6:142:Infinity:undefined:undefined:undefined:undefined":19,"s:140:6:142:Infinity":51,"s:141:8:141:Infinity":52,"f:146:8:146:22":10,"s:147:21:149:Infinity":53,"b:150:4:152:Infinity:undefined:undefined:undefined:undefined":20,"s:150:4:152:Infinity":54,"b:150:8:150:24:150:24:150:49":21,"s:151:6:151:Infinity":55,"f:156:8:156:17":11,"s:157:21:161:Infinity":56,"b:162:4:164:Infinity:undefined:undefined:undefined:undefined":22,"s:162:4:164:Infinity":57,"s:163:6:163:Infinity":58,"f:167:8:167:16":12,"s:168:21:168:Infinity":59,"b:169:4:171:Infinity:undefined:undefined:undefined:undefined":23,"s:169:4:171:Infinity":60,"s:170:6:170:Infinity":61,"b:172:4:174:Infinity:undefined:undefined:undefined:undefined":24,"s:172:4:174:Infinity":62,"s:173:6:173:Infinity":63,"s:175:4:175:Infinity":64,"f:178:8:178:23":13,"s:179:21:179:Infinity":65,"b:180:4:182:Infinity:undefined:undefined:undefined:undefined":25,"s:180:4:182:Infinity":66,"s:181:6:181:Infinity":67,"b:183:4:185:Infinity:undefined:undefined:undefined:undefined":26,"s:183:4:185:Infinity":68,"s:184:6:184:Infinity":69,"s:186:4:186:Infinity":70,"f:190:8:190:23":14,"s:191:4:191:Infinity":71,"f:194:8:194:22":15,"s:195:4:195:Infinity":72,"f:198:8:198:26":16,"s:199:4:199:Infinity":73,"f:202:8:202:25":17,"s:203:4:203:Infinity":74,"f:206:8:206:29":18,"s:207:21:207:Infinity":75,"b:208:4:210:Infinity:undefined:undefined:undefined:undefined":27,"s:208:4:210:Infinity":76,"s:209:6:209:Infinity":77,"s:211:4:211:Infinity":78,"f:214:8:214:32":19,"s:215:21:215:Infinity":79,"b:216:4:218:Infinity:undefined:undefined:undefined:undefined":28,"s:216:4:218:Infinity":80,"s:217:6:217:Infinity":81,"s:219:4:219:Infinity":82,"f:222:8:222:39":20,"s:223:21:223:Infinity":83,"b:224:4:226:Infinity:undefined:undefined:undefined:undefined":29,"s:224:4:226:Infinity":84,"s:225:6:225:Infinity":85,"s:227:4:227:Infinity":86,"f:231:8:231:23":21,"s:232:4:232:Infinity":87,"f:235:8:235:22":22,"s:236:4:236:Infinity":88,"f:239:8:239:29":23,"s:240:4:240:Infinity":89,"f:243:8:243:39":24,"s:244:4:244:Infinity":90,"f:247:8:247:43":25,"s:248:4:248:Infinity":91,"f:252:8:252:32":26,"s:253:4:253:Infinity":92,"f:256:8:256:31":27,"s:257:4:257:Infinity":93,"f:260:8:260:31":28,"s:261:4:261:Infinity":94,"f:264:8:264:71":29,"s:265:4:265:Infinity":95,"f:268:8:268:28":30,"s:269:4:269:Infinity":96,"f:272:8:272:27":31,"s:273:4:273:Infinity":97}}}
,"/home/runner/work/fire-santa-run/fire-santa-run/src/storage/index.ts": {"path":"/home/runner/work/fire-santa-run/fire-santa-run/src/storage/index.ts","statementMap":{"0":{"start":{"line":22,"column":20},"end":{"line":22,"column":null}},"1":{"start":{"line":23,"column":27},"end":{"line":23,"column":null}},"2":{"start":{"line":24,"column":30},"end":{"line":24,"column":null}},"3":{"start":{"line":25,"column":19},"end":{"line":25,"column":null}},"4":{"start":{"line":26,"column":20},"end":{"line":26,"column":null}},"5":{"start":{"line":29,"column":2},"end":{"line":46,"column":null}},"6":{"start":{"line":30,"column":4},"end":{"line":33,"column":null}},"7":{"start":{"line":31,"column":6},"end":{"line":31,"column":null}},"8":{"start":{"line":32,"column":6},"end":{"line":32,"column":null}},"9":{"start":{"line":35,"column":4},"end":{"line":38,"column":null}},"10":{"start":{"line":36,"column":6},"end":{"line":36,"column":null}},"11":{"start":{"line":37,"column":6},"end":{"line":37,"column":null}},"12":{"start":{"line":40,"column":4},"end":{"line":42,"column":null}},"13":{"start":{"line":41,"column":6},"end":{"line":41,"column":null}},"14":{"start":{"line":44,"column":4},"end":{"line":44,"column":null}},"15":{"start":{"line":45,"column":4},"end":{"line":45,"column":null}},"16":{"start":{"line":49,"column":2},"end":{"line":57,"column":null}},"17":{"start":{"line":50,"column":4},"end":{"line":53,"column":null}},"18":{"start":{"line":51,"column":6},"end":{"line":51,"column":null}},"19":{"start":{"line":52,"column":6},"end":{"line":52,"column":null}},"20":{"start":{"line":55,"column":4},"end":{"line":55,"column":null}},"21":{"start":{"line":56,"column":4},"end":{"line":56,"column":null}},"22":{"start":{"line":60,"column":2},"end":{"line":63,"column":null}},"23":{"start":{"line":61,"column":4},"end":{"line":61,"column":null}},"24":{"start":{"line":62,"column":4},"end":{"line":62,"column":null}},"25":{"start":{"line":65,"column":2},"end":{"line":68,"column":null}},"26":{"start":{"line":66,"column":4},"end":{"line":66,"column":null}},"27":{"start":{"line":67,"column":4},"end":{"line":67,"column":null}},"28":{"start":{"line":70,"column":2},"end":{"line":73,"column":null}},"29":{"start":{"line":71,"column":4},"end":{"line":71,"column":null}},"30":{"start":{"line":72,"column":4},"end":{"line":72,"column":null}},"31":{"start":{"line":75,"column":2},"end":{"line":75,"column":null}},"32":{"start":{"line":76,"column":2},"end":{"line":76,"column":null}},"33":{"start":{"line":80,"column":30},"end":{"line":80,"column":null}}},"fnMap":{"0":{"name":"createStorageAdapter","decl":{"start":{"line":21,"column":9},"end":{"line":21,"column":49}},"loc":{"start":{"line":21,"column":49},"end":{"line":77,"column":null}},"line":21}},"branchMap":{"0":{"loc":{"start":{"line":26,"column":20},"end":{"line":26,"column":null}},"type":"binary-expr","locations":[{"start":{"line":26,"column":20},"end":{"line":26,"column":53}},{"start":{"line":26,"column":53},"end":{"line":26,"column":null}}],"line":26},"1":{"loc":{"start":{"line":29,"column":2},"end":{"line":46,"column":null}},"type":"if","locations":[{"start":{"line":29,"column":2},"end":{"line":46,"column":null}},{"start":{},"end":{}}],"line":29},"2":{"loc":{"start":{"line":30,"column":4},"end":{"line":33,"column":null}},"type":"if","locations":[{"start":{"line":30,"column":4},"end":{"line":33,"column":null}},{"start":{},"end":{}}],"line":30},"3":{"loc":{"start":{"line":30,"column":8},"end":{"line":30,"column":42}},"type":"binary-expr","locations":[{"start":{"line":30,"column":8},"end":{"line":30,"column":21}},{"start":{"line":30,"column":21},"end":{"line":30,"column":42}}],"line":30},"4":{"loc":{"start":{"line":35,"column":4},"end":{"line":38,"column":null}},"type":"if","locations":[{"start":{"line":35,"column":4},"end":{"line":38,"column":null}},{"start":{},"end":{}}],"line":35},"5":{"loc":{"start":{"line":40,"column":4},"end":{"line":42,"column":null}},"type":"if","locations":[{"start":{"line":40,"column":4},"end":{"line":42,"column":null}},{"start":{},"end":{}}],"line":40},"6":{"loc":{"start":{"line":49,"column":2},"end":{"line":57,"column":null}},"type":"if","locations":[{"start":{"line":49,"column":2},"end":{"line":57,"column":null}},{"start":{},"end":{}}],"line":49},"7":{"loc":{"start":{"line":50,"column":4},"end":{"line":53,"column":null}},"type":"if","locations":[{"start":{"line":50,"column":4},"end":{"line":53,"column":null}},{"start":{},"end":{}}],"line":50},"8":{"loc":{"start":{"line":60,"column":2},"end":{"line":63,"column":null}},"type":"if","locations":[{"start":{"line":60,"column":2},"end":{"line":63,"column":null}},{"start":{},"end":{}}],"line":60},"9":{"loc":{"start":{"line":60,"column":6},"end":{"line":60,"column":40}},"type":"binary-expr","locations":[{"start":{"line":60,"column":6},"end":{"line":60,"column":19}},{"start":{"line":60,"column":19},"end":{"line":60,"column":40}}],"line":60},"10":{"loc":{"start":{"line":65,"column":2},"end":{"line":68,"column":null}},"type":"if","locations":[{"start":{"line":65,"column":2},"end":{"line":68,"column":null}},{"start":{},"end":{}}],"line":65},"11":{"loc":{"start":{"line":70,"column":2},"end":{"line":73,"column":null}},"type":"if","locations":[{"start":{"line":70,"column":2},"end":{"line":73,"column":null}},{"start":{},"end":{}}],"line":70}},"s":{"0":4,"1":4,"2":4,"3":4,"4":4,"5":4,"6":4,"7":1,"8":1,"9":3,"10":1,"11":1,"12":2,"13":1,"14":1,"15":1,"16":0,"17":0,"18":0,"19":0,"20":0,"21":0,"22":0,"23":0,"24":0,"25":0,"26":0,"27":0,"28":0,"29":0,"30":0,"31":0,"32":0,"33":4},"f":{"0":4},"b":{"0":[4,4],"1":[4,0],"2":[1,3],"3":[4,2],"4":[1,2],"5":[1,1],"6":[0,0],"7":[0,0],"8":[0,0],"9":[0,0],"10":[0,0],"11":[0,0]},"meta":{"lastBranch":12,"lastFunction":1,"lastStatement":34,"seen":{"f:21:9:21:49":0,"s:22:20:22:Infinity":0,"s:23:27:23:Infinity":1,"s:24:30:24:Infinity":2,"s:25:19:25:Infinity":3,"s:26:20:26:Infinity":4,"b:26:20:26:53:26:53:26:Infinity":0,"b:29:2:46:Infinity:undefined:undefined:undefined:undefined":1,"s:29:2:46:Infinity":5,"b:30:4:33:Infinity:undefined:undefined:undefined:undefined":2,"s:30:4:33:Infinity":6,"b:30:8:30:21:30:21:30:42":3,"s:31:6:31:Infinity":7,"s:32:6:32:Infinity":8,"b:35:4:38:Infinity:undefined:undefined:undefined:undefined":4,"s:35:4:38:Infinity":9,"s:36:6:36:Infinity":10,"s:37:6:37:Infinity":11,"b:40:4:42:Infinity:undefined:undefined:undefined:undefined":5,"s:40:4:42:Infinity":12,"s:41:6:41:Infinity":13,"s:44:4:44:Infinity":14,"s:45:4:45:Infinity":15,"b:49:2:57:Infinity:undefined:undefined:undefined:undefined":6,"s:49:2:57:Infinity":16,"b:50:4:53:Infinity:undefined:undefined:undefined:undefined":7,"s:50:4:53:Infinity":17,"s:51:6:51:Infinity":18,"s:52:6:52:Infinity":19,"s:55:4:55:Infinity":20,"s:56:4:56:Infinity":21,"b:60:2:63:Infinity:undefined:undefined:undefined:undefined":8,"s:60:2:63:Infinity":22,"b:60:6:60:19:60:19:60:40":9,"s:61:4:61:Infinity":23,"s:62:4:62:Infinity":24,"b:65:2:68:Infinity:undefined:undefined:undefined:undefined":10,"s:65:2:68:Infinity":25,"s:66:4:66:Infinity":26,"s:67:4:67:Infinity":27,"b:70:2:73:Infinity:undefined:undefined:undefined:undefined":11,"s:70:2:73:Infinity":28,"s:71:4:71:Infinity":29,"s:72:4:72:Infinity":30,"s:75:2:75:Infinity":31,"s:76:2:76:Infinity":32,"s:80:30:80:Infinity":33}}}
,"/home/runner/work/fire-santa-run/fire-santa-run/src/storage/localStorage.ts": {"path":"/home/runner/work/fire-santa-run/fire-santa-run/src/storage/localStorage.ts","statementMap":{"0":{"start":{"line":15,"column":4},"end":{"line":15,"column":null}},"1":{"start":{"line":19,"column":4},"end":{"line":19,"column":null}},"2":{"start":{"line":23,"column":19},"end":{"line":23,"column":null}},"3":{"start":{"line":24,"column":26},"end":{"line":24,"column":null}},"4":{"start":{"line":24,"column":48},"end":{"line":24,"column":65}},"5":{"start":{"line":26,"column":4},"end":{"line":30,"column":null}},"6":{"start":{"line":27,"column":6},"end":{"line":27,"column":null}},"7":{"start":{"line":29,"column":6},"end":{"line":29,"column":null}},"8":{"start":{"line":32,"column":16},"end":{"line":32,"column":null}},"9":{"start":{"line":33,"column":4},"end":{"line":33,"column":null}},"10":{"start":{"line":37,"column":16},"end":{"line":37,"column":null}},"11":{"start":{"line":38,"column":19},"end":{"line":38,"column":null}},"12":{"start":{"line":39,"column":4},"end":{"line":39,"column":null}},"13":{"start":{"line":43,"column":19},"end":{"line":43,"column":null}},"14":{"start":{"line":44,"column":4},"end":{"line":44,"column":null}},"15":{"start":{"line":44,"column":28},"end":{"line":44,"column":44}},"16":{"start":{"line":48,"column":19},"end":{"line":48,"column":null}},"17":{"start":{"line":49,"column":21},"end":{"line":49,"column":null}},"18":{"start":{"line":49,"column":40},"end":{"line":49,"column":56}},"19":{"start":{"line":51,"column":16},"end":{"line":51,"column":null}},"20":{"start":{"line":52,"column":4},"end":{"line":52,"column":null}},"21":{"start":{"line":56,"column":16},"end":{"line":56,"column":null}},"22":{"start":{"line":57,"column":19},"end":{"line":57,"column":null}},"23":{"start":{"line":58,"column":4},"end":{"line":58,"column":null}},"24":{"start":{"line":64,"column":20},"end":{"line":64,"column":null}},"25":{"start":{"line":65,"column":24},"end":{"line":65,"column":null}},"26":{"start":{"line":65,"column":44},"end":{"line":65,"column":66}},"27":{"start":{"line":67,"column":4},"end":{"line":75,"column":null}},"28":{"start":{"line":68,"column":21},"end":{"line":68,"column":null}},"29":{"start":{"line":69,"column":6},"end":{"line":74,"column":null}},"30":{"start":{"line":70,"column":33},"end":{"line":70,"column":null}},"31":{"start":{"line":71,"column":8},"end":{"line":73,"column":null}},"32":{"start":{"line":72,"column":10},"end":{"line":72,"column":null}},"33":{"start":{"line":77,"column":4},"end":{"line":77,"column":null}},"34":{"start":{"line":81,"column":16},"end":{"line":81,"column":null}},"35":{"start":{"line":82,"column":4},"end":{"line":82,"column":null}},"36":{"start":{"line":87,"column":16},"end":{"line":87,"column":null}},"37":{"start":{"line":88,"column":19},"end":{"line":88,"column":null}},"38":{"start":{"line":89,"column":26},"end":{"line":89,"column":null}},"39":{"start":{"line":91,"column":26},"end":{"line":91,"column":null}},"40":{"start":{"line":91,"column":47},"end":{"line":91,"column":63}},"41":{"start":{"line":92,"column":4},"end":{"line":96,"column":null}},"42":{"start":{"line":93,"column":6},"end":{"line":93,"column":null}},"43":{"start":{"line":95,"column":6},"end":{"line":95,"column":null}},"44":{"start":{"line":98,"column":4},"end":{"line":98,"column":null}},"45":{"start":{"line":102,"column":16},"end":{"line":102,"column":null}},"46":{"start":{"line":103,"column":19},"end":{"line":103,"column":null}},"47":{"start":{"line":104,"column":26},"end":{"line":104,"column":null}},"48":{"start":{"line":105,"column":4},"end":{"line":105,"column":null}},"49":{"start":{"line":105,"column":27},"end":{"line":105,"column":42}},"50":{"start":{"line":109,"column":16},"end":{"line":109,"column":null}},"51":{"start":{"line":110,"column":19},"end":{"line":110,"column":null}},"52":{"start":{"line":111,"column":26},"end":{"line":111,"column":null}},"53":{"start":{"line":112,"column":4},"end":{"line":112,"column":null}},"54":{"start":{"line":112,"column":27},"end":{"line":112,"column":72}},"55":{"start":{"line":117,"column":16},"end":{"line":117,"column":null}},"56":{"start":{"line":118,"column":19},"end":{"line":118,"column":null}},"57":{"start":{"line":119,"column":45},"end":{"line":119,"column":null}},"58":{"start":{"line":121,"column":26},"end":{"line":121,"column":null}},"59":{"start":{"line":121,"column":53},"end":{"line":121,"column":75}},"60":{"start":{"line":122,"column":4},"end":{"line":126,"column":null}},"61":{"start":{"line":123,"column":6},"end":{"line":123,"column":null}},"62":{"start":{"line":125,"column":6},"end":{"line":125,"column":null}},"63":{"start":{"line":128,"column":4},"end":{"line":128,"column":null}},"64":{"start":{"line":132,"column":16},"end":{"line":132,"column":null}},"65":{"start":{"line":133,"column":19},"end":{"line":133,"column":null}},"66":{"start":{"line":134,"column":45},"end":{"line":134,"column":null}},"67":{"start":{"line":135,"column":4},"end":{"line":135,"column":null}},"68":{"start":{"line":135,"column":33},"end":{"line":135,"column":81}},"69":{"start":{"line":139,"column":16},"end":{"line":139,"column":null}},"70":{"start":{"line":140,"column":19},"end":{"line":140,"column":null}},"71":{"start":{"line":141,"column":45},"end":{"line":141,"column":null}},"72":{"start":{"line":142,"column":4},"end":{"line":142,"column":null}},"73":{"start":{"line":142,"column":33},"end":{"line":142,"column":54}},"74":{"start":{"line":146,"column":16},"end":{"line":146,"column":null}},"75":{"start":{"line":147,"column":19},"end":{"line":147,"column":null}},"76":{"start":{"line":148,"column":45},"end":{"line":148,"column":null}},"77":{"start":{"line":149,"column":21},"end":{"line":149,"column":null}},"78":{"start":{"line":149,"column":45},"end":{"line":149,"column":96}},"79":{"start":{"line":150,"column":4},"end":{"line":150,"column":null}},"80":{"start":{"line":154,"column":16},"end":{"line":154,"column":null}},"81":{"start":{"line":155,"column":19},"end":{"line":155,"column":null}},"82":{"start":{"line":156,"column":45},"end":{"line":156,"column":null}},"83":
[...]
,"10":9,"11":3,"12":3,"13":5},"b":{"0":[1,4],"1":[1,3],"2":[3,2],"3":[0,10],"4":[0,10],"5":[4,6],"6":[4,2],"7":[1,3],"8":[3,2],"9":[0,8],"10":[0,8],"11":[3,5],"12":[3,2],"13":[0,3],"14":[0,3],"15":[0,3],"16":[0,3],"17":[0,3],"18":[4],"19":[0,4],"20":[0,4],"21":[2,2],"22":[1,1],"23":[7],"24":[0,7],"25":[0,7],"26":[1,6],"27":[2,4],"28":[3,1],"29":[1,4],"30":[1,3],"31":[0,5],"32":[0,5],"33":[2,3],"34":[2,1],"35":[0,4],"36":[1,3],"37":[3,2],"38":[0,9],"39":[0,9],"40":[4,5],"41":[4,1],"42":[1,3],"43":[3,0],"44":[3,0],"45":[1,4],"46":[1,3],"47":[1,2],"48":[1,1]},"meta":{"lastBranch":49,"lastFunction":14,"lastStatement":100,"seen":{"f:18:16:18:32":0,"b:19:2:19:Infinity:undefined:undefined:undefined:undefined":0,"s:19:2:19:Infinity":0,"s:19:19:19:Infinity":1,"b:20:2:20:Infinity:undefined:undefined:undefined:undefined":1,"s:20:2:20:Infinity":2,"s:20:38:20:Infinity":3,"s:22:2:22:Infinity":4,"b:22:9:22:40:22:40:22:Infinity":2,"f:33:16:33:Infinity":1,"b:37:2:37:Infinity:undefined:undefined:undefined:undefined":3,"s:37:2:37:Infinity":5,"s:37:19:37:Infinity":6,"b:38:2:38:Infinity:undefined:undefined:undefined:undefined":4,"s:38:2:38:Infinity":7,"s:38:38:38:Infinity":8,"b:41:2:41:Infinity:undefined:undefined:undefined:undefined":5,"s:41:2:41:Infinity":9,"s:41:35:41:Infinity":10,"b:44:2:47:Infinity:undefined:undefined:undefined:undefined":6,"s:44:2:47:Infinity":11,"b:45:4:45:Infinity:undefined:undefined:undefined:undefined":7,"s:45:4:45:Infinity":12,"s:45:21:45:Infinity":13,"s:46:4:46:Infinity":14,"b:46:11:46:38:46:38:46:Infinity":8,"s:50:2:50:Infinity":15,"f:61:16:61:Infinity":2,"b:65:2:65:Infinity:undefined:undefined:undefined:undefined":9,"s:65:2:65:Infinity":16,"s:65:19:65:Infinity":17,"b:66:2:66:Infinity:undefined:undefined:undefined:undefined":10,"s:66:2:66:Infinity":18,"s:66:38:66:Infinity":19,"b:69:2:69:Infinity:undefined:undefined:undefined:undefined":11,"s:69:2:69:Infinity":20,"s:69:35:69:Infinity":21,"b:72:2:75:Infinity:undefined:undefined:undefined:undefined":12,"s:72:2:75:Infinity":22,"b:73:4:73:Infinity:undefined:undefined:undefined:undefined":13,"s:73:4:73:Infinity":23,"s:73:27:73:Infinity":24,"s:74:4:74:Infinity":25,"s:78:2:78:Infinity":26,"f:89:16:89:39":3,"b:90:2:90:Infinity:undefined:undefined:undefined:undefined":14,"s:90:2:90:Infinity":27,"s:90:19:90:Infinity":28,"b:91:2:91:Infinity:undefined:undefined:undefined:undefined":15,"s:91:2:91:Infinity":29,"s:91:38:91:Infinity":30,"s:93:2:93:Infinity":31,"f:104:16:104:34":4,"b:105:2:105:Infinity:undefined:undefined:undefined:undefined":16,"s:105:2:105:Infinity":32,"s:105:19:105:Infinity":33,"b:106:2:106:Infinity:undefined:undefined:undefined:undefined":17,"s:106:2:106:Infinity":34,"s:106:38:106:Infinity":35,"s:108:2:108:Infinity":36,"f:119:16:119:Infinity":5,"b:121:31:121:Infinity":18,"b:123:2:123:Infinity:undefined:undefined:undefined:undefined":19,"s:123:2:123:Infinity":37,"s:123:19:123:Infinity":38,"b:124:2:124:Infinity:undefined:undefined:undefined:undefined":20,"s:124:2:124:Infinity":39,"s:124:38:124:Infinity":40,"b:125:2:125:Infinity:undefined:undefined:undefined:undefined":21,"s:125:2:125:Infinity":41,"s:125:35:125:Infinity":42,"b:128:2:128:Infinity:undefined:undefined:undefined:undefined":22,"s:128:2:128:Infinity":43,"s:128:25:128:Infinity":44,"s:130:2:130:Infinity":45,"f:141:16:141:Infinity":6,"b:144:31:144:Infinity":23,"b:146:2:146:Infinity:undefined:undefined:undefined:undefined":24,"s:146:2:146:Infinity":46,"s:146:19:146:Infinity":47,"b:147:2:147:Infinity:undefined:undefined:undefined:undefined":25,"s:147:2:147:Infinity":48,"s:147:38:147:Infinity":49,"b:150:2:150:Infinity:undefined:undefined:undefined:undefined":26,"s:150:2:150:Infinity":50,"s:150:25:150:Infinity":51,"b:153:2:153:Infinity:undefined:undefined:undefined:undefined":27,"s:153:2:153:Infinity":52,"s:153:35:153:Infinity":53,"b:156:2:158:Infinity:undefined:undefined:undefined:undefined":28,"s:156:2:158:Infinity":54,"s:157:4:157:Infinity":55,"s:161:2:161:Infinity":56,"f:172:16:172:31":7,"b:173:2:173:Infinity:undefined:undefined:undefined:undefined":29,"s:173:2:173:Infinity":57,"s:173:19:173:Infinity":58,"b:174:2:174:Infinity:undefined:undefined:undefined:undefined":30,"s:174:2:174:Infinity":59,"s:174:38:174:Infinity":60,"s:176:2:176:Infinity":61,"f:187:16:187:Infinity":8,"b:191:2:191:Infinity:undefined:undefined:undefined:undefined":31,"s:191:2:191:Infinity":62,"s:191:19:191:Infinity":63,"b:192:2:192:Infinity:undefined:undefined:undefined:undefined":32,"s:192:2:192:Infinity":64,"s:192:38:192:Infinity":65,"b:195:2:195:Infinity:undefined:undefined:undefined:undefined":33,"s:195:2:195:Infinity":66,"s:195:35:195:Infinity":67,"b:198:2:200:Infinity:undefined:undefined:undefined:undefined":34,"s:198:2:200:Infinity":68,"s:199:4:199:Infinity":69,"s:203:2:203:Infinity":70,"f:214:16:214:35":9,"b:215:2:215:Infinity:undefined:undefined:undefined:undefined":35,"s:215:2:215:Infinity":71,"s:215:19:215:Infinity":72,"b:216:2:216:Infinity:undefined:undefined:undefined:undefined":36,"s:216:2:216:Infinity":73,"s:216:38:216:Infinity":74,"s:218:2:218:Infinity":75,"b:218:9:218:40:218:40:218:Infinity":37,"f:229:16:229:Infinity":10,"b:233:2:233:Infinity:undefined:undefined:undefined:undefined":38,"s:233:2:233:Infinity":76,"s:233:19:233:Infinity":77,"b:234:2:234:Infinity:undefined:undefined:undefined:undefined":39,"s:234:2:234:Infinity":78,"s:234:38:234:Infinity":79,"b:237:2:237:Infinity:undefined:undefined:undefined:undefined":40,"s:237:2:237:Infinity":80,"s:237:35:237:Infinity":81,"b:240:2:243:Infinity:undefined:undefined:undefined:undefined":41,"s:240:2:243:Infinity":82,"b:241:4:241:Infinity:undefined:undefined:undefined:undefined":42,"s:241:4:241:Infinity":83,"s:241:21:241:Infinity":84,"s:242:4:242:Infinity":85,"s:246:2:246:Infinity":86,"f:252:16:252:35":11,"s:253:48:257:Infinity":87,"s:258:2:258:Infinity":88,"b:258:9:258:28:258:28:258:Infinity":43,"f:264:16:264:35":12,"s:265:51:269:Infinity":89,"s:270:2:270:Infinity":90,"b:270:9:270:31:270:31:270:Infinity":44,"f:276:16:276:42":13,"b:277:2:277:Infinity:undefined:undefined:undefined:undefined":45,"s:277:2:277:Infinity":91,"s:277:19:277:Infinity":92,"b:278:2:278:Infinity:undefined:undefined:undefined:undefined":46,"s:278:2:278:Infinity":93,"s:278:38:278:Infinity":94,"b:280:2:282:Infinity:undefined:undefined:undefined:undefined":47,"s:280:2:282:Infinity":95,"s:281:4:281:Infinity":96,"b:284:2:286:Infinity:undefined:undefined:undefined:undefined":48,"s:284:2:286:Infinity":97,"s:285:4:285:Infinity":98,"s:288:2:288:Infinity":99}}}
,"/home/runner/work/fire-santa-run/fire-santa-run/src/utils/routeHelpers.ts": {"path":"/home/runner/work/fire-santa-run/fire-santa-run/src/utils/routeHelpers.ts","statementMap":{"0":{"start":{"line":11,"column":2},"end":{"line":11,"column":null}},"1":{"start":{"line":18,"column":2},"end":{"line":18,"column":null}},"2":{"start":{"line":25,"column":18},"end":{"line":25,"column":null}},"3":{"start":{"line":26,"column":2},"end":{"line":26,"column":null}},"4":{"start":{"line":33,"column":2},"end":{"line":33,"column":null}},"5":{"start":{"line":40,"column":2},"end":{"line":44,"column":null}},"6":{"start":{"line":52,"column":2},"end":{"line":52,"column":null}},"7":{"start":{"line":59,"column":2},"end":{"line":59,"column":null}},"8":{"start":{"line":66,"column":2},"end":{"line":66,"column":null}},"9":{"start":{"line":66,"column":39},"end":{"line":66,"column":56}},"10":{"start":{"line":77,"column":17},"end":{"line":77,"column":null}},"11":{"start":{"line":78,"column":17},"end":{"line":78,"column":null}},"12":{"start":{"line":79,"column":20},"end":{"line":79,"column":null}},"13":{"start":{"line":80,"column":2},"end":{"line":80,"column":null}},"14":{"start":{"line":83,"column":2},"end":{"line":86,"column":null}},"15":{"start":{"line":83,"column":36},"end":{"line":86,"column":4}},"16":{"start":{"line":93,"column":46},"end":{"line":99,"column":null}},"17":{"start":{"line":100,"column":2},"end":{"line":100,"column":null}},"18":{"start":{"line":107,"column":46},"end":{"line":113,"column":null}},"19":{"start":{"line":114,"column":2},"end":{"line":114,"column":null}},"20":{"start":{"line":121,"column":27},"end":{"line":121,"column":null}},"21":{"start":{"line":123,"column":2},"end":{"line":125,"column":null}},"22":{"start":{"line":124,"column":4},"end":{"line":124,"column":null}},"23":{"start":{"line":127,"column":2},"end":{"line":129,"column":null}},"24":{"start":{"line":128,"column":4},"end":{"line":128,"column":null}},"25":{"start":{"line":131,"column":2},"end":{"line":133,"column":null}},"26":{"start":{"line":132,"column":4},"end":{"line":132,"column":null}},"27":{"start":{"line":135,"column":2},"end":{"line":137,"column":null}},"28":{"start":{"line":136,"column":4},"end":{"line":136,"column":null}},"29":{"start":{"line":139,"column":2},"end":{"line":142,"column":null}},"30":{"start":{"line":149,"column":2},"end":{"line":160,"column":null}},"31":{"start":{"line":170,"column":2},"end":{"line":172,"column":null}},"32":{"start":{"line":171,"column":4},"end":{"line":171,"column":null}},"33":{"start":{"line":174,"column":22},"end":{"line":174,"column":null}},"34":{"start":{"line":175,"column":27},"end":{"line":175,"column":null}},"35":{"start":{"line":178,"column":2},"end":{"line":190,"column":null}},"36":{"start":{"line":179,"column":4},"end":{"line":189,"column":null}},"37":{"start":{"line":180,"column":6},"end":{"line":180,"column":null}},"38":{"start":{"line":183,"column":33},"end":{"line":185,"column":null}},"39":{"start":{"line":185,"column":31},"end":{"line":185,"column":52}},"40":{"start":{"line":187,"column":26},"end":{"line":187,"column":null}},"41":{"start":{"line":188,"column":6},"end":{"line":188,"column":null}},"42":{"start":{"line":192,"column":2},"end":{"line":192,"column":null}}},"fnMap":{"0":{"name":"generateRouteId","decl":{"start":{"line":10,"column":42},"end":{"line":10,"column":null}},"loc":{"start":{"line":10,"column":42},"end":{"line":12,"column":null}},"line":10},"1":{"name":"generateWaypointId","decl":{"start":{"line":17,"column":16},"end":{"line":17,"column":45}},"loc":{"start":{"line":17,"column":45},"end":{"line":19,"column":null}},"line":17},"2":{"name":"generateShareableLink","decl":{"start":{"line":24,"column":16},"end":{"line":24,"column":38}},"loc":{"start":{"line":24,"column":63},"end":{"line":27,"column":null}},"line":24},"3":{"name":"canEditRoute","decl":{"start":{"line":32,"column":16},"end":{"line":32,"column":29}},"loc":{"start":{"line":32,"column":59},"end":{"line":34,"column":null}},"line":32},"4":{"name":"canPublishRoute","decl":{"start":{"line":39,"column":16},"end":{"line":39,"column":32}},"loc":{"start":{"line":39,"column":55},"end":{"line":46,"column":null}},"line":39},"5":{"name":"canStartRoute","decl":{"start":{"line":51,"column":16},"end":{"line":51,"column":30}},"loc":{"start":{"line":51,"column":60},"end":{"line":53,"column":null}},"line":51},"6":{"name":"canDeleteRoute","decl":{"start":{"line":58,"column":16},"end":{"line":58,"column":31}},"loc":{"start":{"line":58,"column":61},"end":{"line":60,"column":null}},"line":58},"7":{"name":"sortWaypoints","decl":{"start":{"line":65,"column":16},"end":{"line":65,"column":30}},"loc":{"start":{"line":65,"column":65},"end":{"line":67,"column":null}},"line":65},"8":{"name":"(anonymous_8)","decl":{"start":{"line":66,"column":29},"end":{"line":66,"column":30}},"loc":{"start":{"line":66,"column":39},"end":{"line":66,"column":56}},"line":66},"9":{"name":"reorderWaypoints","decl":{"start":{"line":72,"column":16},"end":{"line":72,"column":null}},"loc":{"start":{"line":76,"column":14},"end":{"line":87,"column":null}},"line":76},"10":{"name":"(anonymous_10)","decl":{"start":{"line":83,"column":20},"end":{"line":83,"column":21}},"loc":{"start":{"line":83,"column":36},"end":{"line":86,"column":4}},"line":83},"11":{"name":"getStatusColor","decl":{"start":{"line":92,"column":16},"end":{"line":92,"column":31}},"loc":{"start":{"line":92,"column":60},"end":{"line":101,"column":null}},"line":92},"12":{"name":"getStatusLabel","decl":{"start":{"line":106,"column":16},"end":{"line":106,"column":31}},"loc":{"start":{"line":106,"column":60},"end":{"line":115,"column":null}},"line":106},"13":{"name":"validateRoute","decl":{"start":{"line":120,"column":16},"end":{"line":120,"column":30}},"loc":{"start":{"line":120,"column":91},"end":{"line":143,"column":null}},"line":120},"14":{"name":"createNewRoute","decl":{"start":{"line":148,"column":16},"end":{"line":148,"column":31}},"loc":{"start":{"line":148,"column":77},"end":{"line":161,"column":null}},"line":148},"15":{"name":"calculateEstimatedArrivals","decl":{"start":{"line":166,"column":16},"end":{"line":166,"column":null}},"loc":{"start":{"line":169,"column":14},"end":{"line":193,"column":null}},"line":169},"16":{"name":"(anonymous_16)","decl":{"start":{"line":178,"column":27},"end":{"line":178,"column":28}},"loc":{"start":{"line":178,"column":48},"end":{"line":190,"column":3}},"line":178},"17":{"name":"(anonymous_17)","decl":{"start":{"line":185,"column":16},"end":{"line":185,"column":17}},"loc":{"start":{"line":185,"column":31},"end":{"line":185,"column":52}},"line":185}},"branchMap":{"0":{"loc":{"start":{"line":25,"column":18},"end":{"line":25,"column":null}},"type":"binary-expr","locations":[{"start":{"line":25,"column":18},"end":{"line":25,"column":50}},{"start":{"line":25,"column":50},"end":{"line":25,"column":null}}],"line":25},"1":{"loc":{"start":{"line":41,"column":4},"end":{"line":44,"column":null}},"type":"binary-expr","locations":[{"start":{"line":41,"column":4},"end":{"line":41,"column":null}},{"start":{"line":42,"column":4},"end":{"line":42,"column":null}},{"start":{"line":43,"column":4},"end":{"line":43,"column":null}},{"start":{"line":44,"column":4},"end":{"line":44,"column":null}}],"line":41},"2":{"loc":{"start":{"line":59,"column":9},"end":{"line":59,"column":null}},"type":"binary-expr","locations":[{"start":{"line":59,"column":9},"end":{"line":59,"column":31}},{"start":{"line":59,"column":31},"end":{"line":59,"column":57}},{"start":{"line":59,"column":57},"end":{"line":59,"column":null}}],"line":59},"3":{"loc":{"start":{"line":100,"column":9},"end":{"line":100,"column":null}},"type":"binary-expr","locations":[{"start":{"line":100,"column":9},"end":{"line":100,"column":27}},{"start":{"line":100,"column":27},"end":{"line":100,"column":null}}],"line":100},"4":{"loc":{"start":{"line":114,"column":9},"end":{"line":114,"column":null}},"type":"binary-expr","locations":[{"start":{"line":114,"column":9},"end":{"line":114,"column":27}},{"start":{"line":114,"column":27},"end":{"line":114,"column":null}}],"line":114},"5":{"loc":{"start":{"line":123,"column":2},"end":{"line":125,"column":null}},"type":"if","locations":[{"start":{"line":123,"column":2},"end":{"line":125,"column":null}},{"start":{},"end":{}}],"line":123},"6":{"loc":{"start":{"line":123,"column":6},"end":{"line":123,"column":47}},"type":"binary-expr","locations":[{"start":{"line":123,"column":6},"end":{"line":123,"column":21}},{"start":{"line":123,"column":21},"end":{"line":123,"column":47}}],"line":123},"7":{"loc":{"start":{"line":127,"column":2},"end":{"line":129,"column":null}},"type":"if","locations":[{"start":{"line":127,"column":2},"end":{"line":129,"column":null}},{"start":{},"end":{}}],"line":127},"8":{"loc":{"start":{"line":127,"column":6},"end":{"line":127,"column":40}},"type":"binary-expr","locations":[{"start":{"line":127,"column":6},"end":{"line":127,"column":21}},{"start":{"line":127,"column":21},"end":{"line":127,"column":40}}],"line":127},"9":{"loc":{"start":{"line":131,"column":2},"end":{"line":133,"column":null}},"type":"if","locations":[{"start":{"line":131,"column":2},"end":{"line":133,"column":null}},{"start":{},"end":{}}],"line":131},"10":{"loc":{"start":{"line":131,"column":6},"end":{"line":131,"column":50}},"type":"binary-expr","locations":[{"start":{"line":131,"column":6},"end":{"line":131,"column":26}},{"start":{"line":131,"column":26},"end":{"line":131,"column":50}}],"line":131},"11":{"loc":{"start":{"line":135,"column":2},"end":{"line":137,"column":null}},"type":"if","locations":[{"start":{"line":135,"column":2},"end":{"line":137,"column":null}},{"start":{},"end":{}}],"line":135},"12":{"loc":{"start":{"line":135,"column":6},"end":{"line":135,"column":54}},"type":"binary-expr","locations":[{"start":{"line":135,"column":6},"end":{"line":135,"column":26}},{"start":{"line":135,"column":26},"end":{"line":135,"column":54}}],"line":135},"13":{"loc":{"start":{"line":170,"column":2},"end":{"line":172,"column":null}},"type":"if","locations":[{"start":{"line":170,"column":2},"end":{"line":172,"column":null}},{"start":{},"end":{}}],"line":170},"14":{"loc":{"start":{"line":170,"column":6},"end":{"line":170,"column":68}},"type":"binary-expr","locations":[{"start":{"line":170,"column":6},"end":{"line":170,"column":32}},{"start":{"line":170,"column":32},"end":{"line":170,"column":68}}],"line":170},"15":{"loc":{"start":{"line":179,"column":4},"end":{"line":189,"column":null}},"type":"if","locations":[{"start":{"line":179,"column":4},"end":{"line":189,"column":null}},{"start":{"line":181,"column":11},"end":{"line":189,"column":null}}],"line":179}},"s":{"0":7,"1":2,"2":2,"3":2,"4":5,"5":5,"6":3,"7":5,"8":4,"9":9,"10":2,"11":2,"12":2,"13":2,"14":2,"15":6,"16":5,"17":5,"18":5,"19":5,"20":5,"21":5,"22":2,"23":5,"24":2,"25":5,"26":1,"27":5,"28":2,"29":5,"30":4,"31":0,"32":0,"33":0,"34":0,"35":0,"36":0,"37":0,"38":0,"39":0,"40":0,"41":0,"42":0},"f":{"0":7,"1":2,"2":2,"3":5,"4":5,"5":3,"6":5,"7":4,"8":9,"9":2,"10":6,"11":5,"12":5,"13":5,"14":4,"15":0,"16":0,"17":0},"b":{"0":[2,2],"1":[5,4,3,2],"2":[5,4,3],"3":[5,0],"4":[5,0],"5":[2,3],"6":[5,3],"7":[2,3],"8":[5,3],"9":[1,4],"10":[5,4],"11":[2,3],"12":[5,5],"13":[0,0],"14":[0,0],"15":[0,0]},"meta":{"lastBranch":16,"lastFunction":18,"lastStatement":43,"seen":{"f:10:42:10:Infinity":0,"s:11:2:11:Infinity":0,"f:17:16:17:45":1,"s:18:2:18:Infinity":1,"f:24:16:24:38":2,"s:25:18:25:Infinity":2,"b:25:18:25:50:25:50:25:Infinity":0,"s:26:2:26:Infinity":3,"f:32:16:32:29":3,"s:33:2:33:Infinity":4,"f:39:16:39:32":4,"s:40:2:44:Infinity":5,"b:41:4:41:Infinity:42:4:42:Infinity:43:4:43:Infinity:44:4:44:Infinity":1,"f:51:16:51:30":5,"s:52:2:52:Infinity":6,"f:58:16:58:31":6,"s:59:2:59:Infinity":7,"b:59:9:59:31:59:31:59:57:59:57:59:Infinity":2,"f:65:16:65:30":7,"s:66:2:66:Infinity":8,"f:66:29:66:30":8,"s:66:39:66:56":9,"f:72:16:72:Infinity":9,"s:77:17:77:Infinity":10,"s:78:17:78:Infinity":11,"s:79:20:79:Infinity":12,"s:80:2:80:Infinity":13,"s:83:2:86:Infinity":14,"f:83:20:83:21":10,"s:83:36:86:4":15,"f:92:16:92:31":11,"s:93:46:99:Infinity":16,"s:100:2:100:Infinity":17,"b:100:9:100:27:100:27:100:Infinity":3,"f:106:16:106:31":12,"s:107:46:113:Infinity":18,"s:114:2:114:Infinity":19,"b:114:9:114:27:114:27:114:Infinity":4,"f:120:16:120:30":13,"s:121:27:121:Infinity":20,"b:123:2:125:Infinity:undefined:undefined:undefined:undefined":5,"s:123:2:125:Infinity":21,"b:123:6:123:21:123:21:123:47":6,"s:124:4:124:Infinity":22,"b:127:2:129:Infinity:undefined:undefined:undefined:undefined":7,"s:127:2:129:Infinity":23,"b:127:6:127:21:127:21:127:40":8,"s:128:4:128:Infinity":24,"b:131:2:133:Infinity:undefined:undefined:undefined:undefined":9,"s:131:2:133:Infinity":25,"b:131:6:131:26:131:26:131:50":10,"s:132:4:132:Infinity":26,"b:135:2:137:Infinity:undefined:undefined:undefined:undefined":11,"s:135:2:137:Infinity":27,"b:135:6:135:26:135:26:135:54":12,"s:136:4:136:Infinity":28,"s:139:2:142:Infinity":29,"f:148:16:148:31":14,"s:149:2:160:Infinity":30,"f:166:16:166:Infinity":15,"b:170:2:172:Infinity:undefined:undefined:undefined:undefined":13,"s:170:2:172:Infinity":31,"b:170:6:170:32:170:32:170:68":14,"s:171:4:171:Infinity":32,"s:174:22:174:Infinity":33,"s:175:27:175:Infinity":34,"s:178:2:190:Infinity":35,"f:178:27:178:28":16,"b:179:4:189:Infinity:181:11:189:Infinity":15,"s:179:4:189:Infinity":36,"s:180:6:180:Infinity":37,"s:183:33:185:Infinity":38,"f:185:16:185:17":17,"s:185:31:185:52":39,"s:187:26:187:Infinity":40,"s:188:6:188:Infinity":41,"s:192:2:192:Infinity":42}}}
}
