TN:
SF:src/storage/azure.ts
FN:30,(anonymous_0)
FN:50,(anonymous_1)
FN:55,(anonymous_2)
FN:78,(anonymous_3)
FN:93,(anonymous_4)
FN:113,(anonymous_5)
FN:129,(anonymous_6)
FN:143,(anonymous_7)
FN:159,(anonymous_8)
FN:182,(anonymous_9)
FN:198,(anonymous_10)
FN:213,(anonymous_11)
FN:229,(anonymous_12)
FN:252,(anonymous_13)
FN:267,(anonymous_14)
FN:283,(anonymous_15)
FN:305,(anonymous_16)
FN:318,(anonymous_17)
FN:340,(anonymous_18)
FN:362,(anonymous_19)
FN:385,(anonymous_20)
FN:400,(anonymous_21)
FN:422,(anonymous_22)
FN:444,(anonymous_23)
FN:466,(anonymous_24)
FN:486,(anonymous_25)
FN:501,(anonymous_26)
FN:523,(anonymous_27)
FN:545,(anonymous_28)
FN:567,(anonymous_29)
FN:594,(anonymous_30)
FNF:31
FNH:2
FNDA:4,(anonymous_0)
FNDA:0,(anonymous_1)
FNDA:4,(anonymous_2)
FNDA:0,(anonymous_3)
FNDA:0,(anonymous_4)
FNDA:0,(anonymous_5)
FNDA:0,(anonymous_6)
FNDA:0,(anonymous_7)
FNDA:0,(anonymous_8)
FNDA:0,(anonymous_9)
FNDA:0,(anonymous_10)
FNDA:0,(anonymous_11)
FNDA:0,(anonymous_12)
FNDA:0,(anonymous_13)
FNDA:0,(anonymous_14)
FNDA:0,(anonymous_15)
FNDA:0,(anonymous_16)
FNDA:0,(anonymous_17)
FNDA:0,(anonymous_18)
FNDA:0,(anonymous_19)
FNDA:0,(anonymous_20)
FNDA:0,(anonymous_21)
FNDA:0,(anonymous_22)
FNDA:0,(anonymous_23)
FNDA:0,(anonymous_24)
FNDA:0,(anonymous_25)
FNDA:0,(anonymous_26)
FNDA:0,(anonymous_27)
FNDA:0,(anonymous_28)
FNDA:0,(anonymous_29)
FNDA:0,(anonymous_30)
DA:31,4
DA:32,0
DA:35,4
DA:36,4
DA:37,4
DA:38,4
DA:39,4
DA:40,4
DA:42,4
DA:43,4
DA:44,4
DA:45,4
DA:46,4
DA:47,4
DA:50,4
DA:51,0
DA:56,4
DA:65,4
DA:66,24
DA:67,24
DA:69,0
DA:71,0
DA:72,0
DA:79,0
DA:85,0
DA:86,0
DA:88,0
DA:89,0
DA:94,0
DA:95,0
DA:96,0
DA:100,0
DA:102,0
DA:103,0
DA:106,0
DA:108,0
DA:109,0
DA:114,0
DA:115,0
DA:117,0
DA:118,0
DA:120,0
DA:121,0
DA:122,0
DA:124,0
DA:125,0
DA:130,0
DA:131,0
DA:133,0
DA:134,0
DA:136,0
DA:138,0
DA:139,0
DA:144,0
DA:145,0
DA:147,0
DA:148,0
DA:150,0
DA:151,0
DA:152,0
DA:154,0
DA:155,0
DA:160,0
DA:162,0
DA:169,0
DA:171,0
DA:172,0
DA:175,0
DA:177,0
DA:178,0
DA:183,0
DA:189,0
DA:190,0
DA:192,0
DA:193,0
DA:199,0
DA:205,0
DA:206,0
DA:208,0
DA:209,0
DA:214,0
DA:215,0
DA:217,0
DA:218,0
DA:220,0
DA:221,0
DA:222,0
DA:224,0
DA:225,0
DA:230,0
DA:231,0
DA:232,0
DA:238,0
DA:240,0
DA:241,0
DA:244,0
DA:246,0
DA:247,0
DA:253,0
DA:259,0
DA:260,0
DA:262,0
DA:263,0
DA:268,0
DA:269,0
DA:271,0
DA:272,0
DA:274,0
DA:275,0
DA:276,0
DA:278,0
DA:279,0
DA:284,0
DA:285,0
DA:286,0
DA:292,0
DA:294,0
DA:295,0
DA:298,0
DA:300,0
DA:301,0
DA:306,0
DA:307,0
DA:309,0
DA:310,0
DA:311,0
DA:313,0
DA:314,0
DA:319,0
DA:320,0
DA:321,0
DA:327,0
DA:329,0
DA:330,0
DA:333,0
DA:335,0
DA:336,0
DA:341,0
DA:342,0
DA:343,0
DA:349,0
DA:351,0
DA:352,0
DA:355,0
DA:357,0
DA:358,0
DA:363,0
DA:364,0
DA:365,0
DA:371,0
DA:373,0
DA:374,0
DA:377,0
DA:379,0
DA:380,0
DA:386,0
DA:392,0
DA:393,0
DA:395,0
DA:396,0
DA:401,0
DA:402,0
DA:403,0
DA:409,0
DA:411,0
DA:412,0
DA:415,0
DA:417,0
DA:418,0
DA:423,0
DA:424,0
DA:425,0
DA:431,0
DA:433,0
DA:434,0
DA:437,0
DA:439,0
DA:440,0
DA:445,0
DA:446,0
DA:447,0
DA:453,0
DA:455,0
DA:456,0
DA:459,0
DA:461,0
DA:462,0
DA:467,0
DA:468,0
DA:469,0
DA:475,0
DA:476,0
DA:477,0
DA:478,0
DA:481,0
DA:487,0
DA:493,0
DA:494,0
DA:496,0
DA:497,0
DA:502,0
DA:503,0
DA:504,0
DA:510,0
DA:512,0
DA:513,0
DA:516,0
DA:518,0
DA:519,0
DA:524,0
DA:525,0
DA:526,0
DA:532,0
DA:534,0
DA:535,0
DA:538,0
DA:540,0
DA:541,0
DA:546,0
DA:547,0
DA:548,0
DA:554,0
DA:556,0
DA:557,0
DA:560,0
DA:562,0
DA:563,0
DA:568,0
DA:569,0
DA:570,0
DA:573,0
DA:574,0
DA:575,0
DA:576,0
DA:577,0
DA:579,0
DA:582,0
DA:583,0
DA:584,0
DA:585,0
DA:587,0
DA:588,0
DA:589,0
DA:595,0
DA:596,0
DA:597,0
DA:600,0
DA:601,0
DA:602,0
DA:603,0
DA:604,0
DA:606,0
LF:252
LH:18
BRDA:30,0,0,4
BRDA:31,1,0,0
BRDA:31,1,1,4
BRDA:35,2,0,2
BRDA:35,2,1,2
BRDA:36,3,0,2
BRDA:36,3,1,2
BRDA:37,4,0,2
BRDA:37,4,1,2
BRDA:38,5,0,2
BRDA:38,5,1,2
BRDA:39,6,0,2
BRDA:39,6,1,2
BRDA:40,7,0,2
BRDA:40,7,1,2
BRDA:71,8,0,0
BRDA:71,8,1,0
BRDA:121,9,0,0
BRDA:121,9,1,0
BRDA:134,10,0,0
BRDA:134,10,1,0
BRDA:151,11,0,0
BRDA:151,11,1,0
BRDA:221,12,0,0
BRDA:221,12,1,0
BRDA:244,13,0,0
BRDA:244,13,1,0
BRDA:275,14,0,0
BRDA:275,14,1,0
BRDA:298,15,0,0
BRDA:298,15,1,0
BRDA:310,16,0,0
BRDA:310,16,1,0
BRDA:415,17,0,0
BRDA:415,17,1,0
BRDA:437,18,0,0
BRDA:437,18,1,0
BRDA:516,19,0,0
BRDA:516,19,1,0
BRDA:569,20,0,0
BRDA:569,20,1,0
BRDA:583,21,0,0
BRDA:583,21,1,0
BRDA:584,22,0,0
BRDA:584,22,1,0
BRDA:587,23,0,0
BRDA:587,23,1,0
BRDA:596,24,0,0
BRDA:596,24,1,0
BRF:49
BRH:14
end_of_record
TN:
SF:src/storage/http.ts
FN:16,(anonymous_0)
FN:20,(anonymous_1)
FN:34,(anonymous_2)
FN:42,(anonymous_3)
FN:53,(anonymous_4)
FN:80,(anonymous_5)
FN:90,(anonymous_6)
FN:98,(anonymous_7)
FN:109,(anonymous_8)
FN:120,(anonymous_9)
FN:146,(anonymous_10)
FN:156,(anonymous_11)
FN:167,(anonymous_12)
FN:178,(anonymous_13)
FN:190,(anonymous_14)
FN:194,(anonymous_15)
FN:198,(anonymous_16)
FN:202,(anonymous_17)
FN:206,(anonymous_18)
FN:214,(anonymous_19)
FN:222,(anonymous_20)
FN:231,(anonymous_21)
FN:235,(anonymous_22)
FN:239,(anonymous_23)
FN:243,(anonymous_24)
FN:247,(anonymous_25)
FN:252,(anonymous_26)
FN:256,(anonymous_27)
FN:260,(anonymous_28)
FN:264,(anonymous_29)
FN:268,(anonymous_30)
FN:272,(anonymous_31)
FNF:32
FNH:8
FNDA:12,(anonymous_0)
FNDA:3,(anonymous_1)
FNDA:0,(anonymous_2)
FNDA:0,(anonymous_3)
FNDA:0,(anonymous_4)
FNDA:0,(anonymous_5)
FNDA:0,(anonymous_6)
FNDA:0,(anonymous_7)
FNDA:0,(anonymous_8)
FNDA:0,(anonymous_9)
FNDA:0,(anonymous_10)
FNDA:2,(anonymous_11)
FNDA:2,(anonymous_12)
FNDA:4,(anonymous_13)
FNDA:0,(anonymous_14)
FNDA:0,(anonymous_15)
FNDA:0,(anonymous_16)
FNDA:0,(anonymous_17)
FNDA:2,(anonymous_18)
FNDA:1,(anonymous_19)
FNDA:1,(anonymous_20)
FNDA:0,(anonymous_21)
FNDA:0,(anonymous_22)
FNDA:0,(anonymous_23)
FNDA:0,(anonymous_24)
FNDA:0,(anonymous_25)
FNDA:0,(anonymous_26)
FNDA:0,(anonymous_27)
FNDA:0,(anonymous_28)
FNDA:0,(anonymous_29)
FNDA:0,(anonymous_30)
FNDA:0,(anonymous_31)
DA:17,12
DA:21,3
DA:22,3
DA:23,3
DA:24,0
DA:26,3
DA:27,3
DA:29,0
DA:35,0
DA:36,0
DA:37,0
DA:39,0
DA:43,0
DA:44,0
DA:45,0
DA:47,0
DA:48,0
DA:50,0
DA:55,0
DA:57,0
DA:59,0
DA:64,0
DA:65,0
DA:69,0
DA:74,0
DA:75,0
DA:81,0
DA:84,0
DA:85,0
DA:91,0
DA:92,0
DA:93,0
DA:95,0
DA:99,0
DA:100,0
DA:101,0
DA:103,0
DA:104,0
DA:106,0
DA:110,0
DA:111,0
DA:112,0
DA:114,0
DA:115,0
DA:117,0
DA:121,0
DA:123,0
DA:125,0
DA:130,0
DA:131,0
DA:135,0
DA:140,0
DA:141,0
DA:147,0
DA:150,0
DA:151,0
DA:157,2
DA:162,2
DA:163,1
DA:168,2
DA:169,2
DA:170,1
DA:172,1
DA:173,0
DA:175,1
DA:179,4
DA:180,4
DA:181,2
DA:183,2
DA:184,1
DA:186,1
DA:191,0
DA:195,0
DA:199,0
DA:203,0
DA:207,2
DA:208,2
DA:209,1
DA:211,1
DA:215,1
DA:216,1
DA:217,0
DA:219,1
DA:223,1
DA:224,1
DA:225,0
DA:227,1
DA:232,0
DA:236,0
DA:240,0
DA:244,0
DA:248,0
DA:253,0
DA:257,0
DA:261,0
DA:265,0
DA:269,0
DA:273,0
LF:98
LH:30
BRDA:16,0,0,12
BRDA:21,1,0,3
BRDA:21,1,1,0
BRDA:23,2,0,0
BRDA:23,2,1,3
BRDA:29,3,0,0
BRDA:29,3,1,0
BRDA:36,4,0,0
BRDA:36,4,1,0
BRDA:44,5,0,0
BRDA:44,5,1,0
BRDA:47,6,0,0
BRDA:47,6,1,0
BRDA:57,7,0,0
BRDA:57,7,1,0
BRDA:64,8,0,0
BRDA:64,8,1,0
BRDA:74,9,0,0
BRDA:74,9,1,0
BRDA:84,10,0,0
BRDA:84,10,1,0
BRDA:84,11,0,0
BRDA:84,11,1,0
BRDA:92,12,0,0
BRDA:92,12,1,0
BRDA:100,13,0,0
BRDA:100,13,1,0
BRDA:103,14,0,0
BRDA:103,14,1,0
BRDA:111,15,0,0
BRDA:111,15,1,0
BRDA:114,16,0,0
BRDA:114,16,1,0
BRDA:123,17,0,0
BRDA:123,17,1,0
BRDA:130,18,0,0
BRDA:130,18,1,0
BRDA:140,19,0,0
BRDA:140,19,1,0
BRDA:150,20,0,0
BRDA:150,20,1,0
BRDA:150,21,0,0
BRDA:150,21,1,0
BRDA:162,22,0,1
BRDA:162,22,1,1
BRDA:169,23,0,1
BRDA:169,23,1,1
BRDA:172,24,0,0
BRDA:172,24,1,1
BRDA:180,25,0,2
BRDA:180,25,1,2
BRDA:183,26,0,1
BRDA:183,26,1,1
BRDA:208,27,0,1
BRDA:208,27,1,1
BRDA:216,28,0,0
BRDA:216,28,1,1
BRDA:224,29,0,0
BRDA:224,29,1,1
BRF:59
BRH:16
end_of_record
TN:
SF:src/storage/index.ts
FN:21,createStorageAdapter
FNF:1
FNH:1
FNDA:4,createStorageAdapter
DA:22,4
DA:23,4
DA:24,4
DA:25,4
DA:26,4
DA:29,4
DA:30,4
DA:31,1
DA:32,1
DA:35,3
DA:36,1
DA:37,1
DA:40,2
DA:41,1
DA:44,1
DA:45,1
DA:49,0
DA:50,0
DA:51,0
DA:52,0
DA:55,0
DA:56,0
DA:60,0
DA:61,0
DA:62,0
DA:65,0
DA:66,0
DA:67,0
DA:70,0
DA:71,0
DA:72,0
DA:75,0
DA:76,0
DA:80,4
LF:34
LH:17
BRDA:26,0,0,4
BRDA:26,0,1,4
BRDA:29,1,0,4
BRDA:29,1,1,0
BRDA:30,2,0,1
BRDA:30,2,1,3
BRDA:30,3,0,4
BRDA:30,3,1,2
BRDA:35,4,0,1
BRDA:35,4,1,2
BRDA:40,5,0,1
BRDA:40,5,1,1
BRDA:49,6,0,0
BRDA:49,6,1,0
BRDA:50,7,0,0
BRDA:50,7,1,0
BRDA:60,8,0,0
BRDA:60,8,1,0
BRDA:60,9,0,0
BRDA:60,9,1,0
BRDA:65,10,0,0
BRDA:65,10,1,0
BRDA:70,11,0,0
BRDA:70,11,1,0
BRF:24
BRH:11
end_of_record
TN:
SF:src/storage/localStorage.ts
FN:14,(anonymous_0)
FN:18,(anonymous_1)
FN:22,(anonymous_2)
FN:24,(anonymous_3)
FN:36,(anonymous_4)
FN:42,(anonymous_5)
FN:44,(anonymous_6)
FN:47,(anonymous_7)
FN:49,(anonymous_8)
FN:55,(anonymous_9)
FN:61,(anonymous_10)
FN:65,(anonymous_11)
FN:80,(anonymous_12)
FN:86,(anonymous_13)
FN:91,(anonymous_14)
FN:101,(anonymous_15)
FN:105,(anonymous_16)
FN:108,(anonymous_17)
FN:112,(anonymous_18)
FN:116,(anonymous_19)
FN:121,(anonymous_20)
FN:131,(anonymous_21)
FN:135,(anonymous_22)
FN:138,(anonymous_23)
FN:142,(anonymous_24)
FN:145,(anonymous_25)
FN:149,(anonymous_26)
FN:153,(anonymous_27)
FN:157,(anonymous_28)
FN:160,(anonymous_29)
FN:164,(anonymous_30)
FN:167,(anonymous_31)
FN:169,(anonymous_32)
FN:173,(anonymous_33)
FN:178,(anonymous_34)
FN:188,(anonymous_35)
FN:192,(anonymous_36)
FN:195,(anonymous_37)
FN:199,(anonymous_38)
FN:202,(anonymous_39)
FN:206,(anonymous_40)
FN:209,(anonymous_41)
FN:215,(anonymous_42)
FN:226,(anonymous_43)
FN:231,(anonymous_44)
FN:241,(anonymous_45)
FN:245,(anonymous_46)
FN:248,(anonymous_47)
FN:252,(anonymous_48)
FN:255,(anonymous_49)
FN:259,(anonymous_50)
FN:262,(anonymous_51)
FN:289,(anonymous_52)
FNF:53
FNH:29
FNDA:34,(anonymous_0)
FNDA:21,(anonymous_1)
FNDA:8,(anonymous_2)
FNDA:2,(anonymous_3)
FNDA:17,(anonymous_4)
FNDA:4,(anonymous_5)
FNDA:2,(anonymous_6)
FNDA:1,(anonymous_7)
FNDA:1,(anonymous_8)
FNDA:3,(anonymous_9)
FNDA:2,(anonymous_10)
FNDA:8,(anonymous_11)
FNDA:5,(anonymous_12)
FNDA:4,(anonymous_13)
FNDA:1,(anonymous_14)
FNDA:3,(anonymous_15)
FNDA:2,(anonymous_16)
FNDA:2,(anonymous_17)
FNDA:1,(anonymous_18)
FNDA:5,(anonymous_19)
FNDA:1,(anonymous_20)
FNDA:0,(anonymous_21)
FNDA:0,(anonymous_22)
FNDA:0,(anonymous_23)
FNDA:0,(anonymous_24)
FNDA:1,(anonymous_25)
FNDA:1,(anonymous_26)
FNDA:3,(anonymous_27)
FNDA:1,(anonymous_28)
FNDA:3,(anonymous_29)
FNDA:3,(anonymous_30)
FNDA:1,(anonymous_31)
FNDA:2,(anonymous_32)
FNDA:0,(anonymous_33)
FNDA:0,(anonymous_34)
FNDA:0,(anonymous_35)
FNDA:0,(anonymous_36)
FNDA:0,(anonymous_37)
FNDA:0,(anonymous_38)
FNDA:0,(anonymous_39)
FNDA:0,(anonymous_40)
FNDA:0,(anonymous_41)
FNDA:0,(anonymous_42)
FNDA:0,(anonymous_43)
FNDA:0,(anonymous_44)
FNDA:0,(anonymous_45)
FNDA:0,(anonymous_46)
FNDA:0,(anonymous_47)
FNDA:0,(anonymous_48)
FNDA:0,(anonymous_49)
FNDA:0,(anonymous_50)
FNDA:0,(anonymous_51)
FNDA:0,(anonymous_52)
DA:15,34
DA:19,21
DA:23,8
DA:24,8
DA:26,8
DA:27,1
DA:29,7
DA:32,8
DA:33,8
DA:37,17
DA:38,17
DA:39,17
DA:43,4
DA:44,4
DA:48,1
DA:49,1
DA:51,1
DA:52,1
DA:56,3
DA:57,3
DA:58,3
DA:64,2
DA:65,8
DA:67,2
DA:68,0
DA:69,0
DA:70,0
DA:71,0
DA:72,0
DA:77,2
DA:81,5
DA:82,5
DA:87,4
DA:88,4
DA:89,4
DA:91,4
DA:92,4
DA:93,1
DA:95,3
DA:98,4
DA:102,3
DA:103,3
DA:104,3
DA:105,3
DA:109,2
DA:110,2
DA:111,2
DA:112,2
DA:117,5
DA:118,5
DA:119,5
DA:121,5
DA:122,5
DA:123,0
DA:125,5
DA:128,5
DA:132,0
DA:133,0
DA:134,0
DA:135,0
DA:139,0
DA:140,0
DA:141,0
DA:142,0
DA:146,1
DA:147,1
DA:148,1
DA:149,1
DA:150,1
DA:154,3
DA:155,3
DA:156,3
DA:157,3
DA:161,3
DA:162,3
DA:163,3
DA:164,3
DA:168,1
DA:169,2
DA:174,0
DA:175,0
DA:176,0
DA:178,0
DA:179,0
DA:180,0
DA:182,0
DA:185,0
DA:189,0
DA:190,0
DA:191,0
DA:192,0
DA:196,0
DA:197,0
DA:198,0
DA:199,0
DA:203,0
DA:204,0
DA:205,0
DA:206,0
DA:210,0
DA:211,0
DA:212,0
DA:214,0
DA:215,0
DA:216,0
DA:217,0
DA:219,0
DA:222,0
DA:227,0
DA:228,0
DA:229,0
DA:231,0
DA:232,0
DA:233,0
DA:235,0
DA:238,0
DA:242,0
DA:243,0
DA:244,0
DA:245,0
DA:249,0
DA:250,0
DA:251,0
DA:252,0
DA:256,0
DA:257,0
DA:258,0
DA:259,0
DA:263,0
DA:264,0
DA:265,0
DA:268,0
DA:269,0
DA:270,0
DA:271,0
DA:272,0
DA:274,0
DA:277,0
DA:278,0
DA:279,0
DA:280,0
DA:282,0
DA:283,0
DA:284,0
DA:290,0
DA:291,0
DA:292,0
DA:295,0
DA:296,0
DA:297,0
DA:298,0
DA:299,0
DA:301,0
LF:153
LH:65
BRDA:26,0,0,1
BRDA:26,0,1,7
BRDA:39,1,0,9
BRDA:39,1,1,8
BRDA:44,2,0,4
BRDA:44,2,1,2
BRDA:58,3,0,2
BRDA:58,3,1,1
BRDA:69,4,0,0
BRDA:69,4,1,0
BRDA:71,5,0,0
BRDA:71,5,1,0
BRDA:89,6,0,1
BRDA:89,6,1,3
BRDA:92,7,0,1
BRDA:92,7,1,3
BRDA:104,8,0,2
BRDA:104,8,1,1
BRDA:105,9,0,3
BRDA:105,9,1,1
BRDA:111,10,0,1
BRDA:111,10,1,1
BRDA:112,11,0,2
BRDA:112,11,1,1
BRDA:119,12,0,1
BRDA:119,12,1,4
BRDA:122,13,0,0
BRDA:122,13,1,5
BRDA:134,14,0,0
BRDA:134,14,1,0
BRDA:135,15,0,0
BRDA:135,15,1,0
BRDA:135,16,0,0
BRDA:135,16,1,0
BRDA:141,17,0,0
BRDA:141,17,1,0
BRDA:142,18,0,0
BRDA:142,18,1,0
BRDA:148,19,0,1
BRDA:148,19,1,0
BRDA:149,20,0,1
BRDA:149,20,1,1
BRDA:156,21,0,2
BRDA:156,21,1,1
BRDA:163,22,0,2
BRDA:163,22,1,1
BRDA:176,23,0,0
BRDA:176,23,1,0
BRDA:179,24,0,0
BRDA:179,24,1,0
BRDA:191,25,0,0
BRDA:191,25,1,0
BRDA:192,26,0,0
BRDA:192,26,1,0
BRDA:198,27,0,0
BRDA:198,27,1,0
BRDA:199,28,0,0
BRDA:199,28,1,0
BRDA:205,29,0,0
BRDA:205,29,1,0
BRDA:206,30,0,0
BRDA:206,30,1,0
BRDA:212,31,0,0
BRDA:212,31,1,0
BRDA:216,32,0,0
BRDA:216,32,1,0
BRDA:216,33,0,0
BRDA:216,33,1,0
BRDA:229,34,0,0
BRDA:229,34,1,0
BRDA:232,35,0,0
BRDA:232,35,1,0
BRDA:244,36,0,0
BRDA:244,36,1,0
BRDA:245,37,0,0
BRDA:245,37,1,0
BRDA:251,38,0,0
BRDA:251,38,1,0
BRDA:258,39,0,0
BRDA:258,39,1,0
BRDA:264,40,0,0
BRDA:264,40,1,0
BRDA:278,41,0,0
BRDA:278,41,1,0
BRDA:279,42,0,0
BRDA:279,42,1,0
BRDA:282,43,0,0
BRDA:282,43,1,0
BRDA:291,44,0,0
BRDA:291,44,1,0
BRF:90
BRH:30
end_of_record
TN:
SF:src/utils/emailValidation.ts
FN:17,isGovernmentEmail
FN:33,matchesAllowedDomains
FN:35,(anonymous_2)
FN:55,isAllowedEmail
FN:57,(anonymous_4)
FN:77,isAutoApproved
FN:107,isValidEmailFormat
FNF:7
FNH:7
FNDA:11,isGovernmentEmail
FNDA:19,matchesAllowedDomains
FNDA:23,(anonymous_2)
FNDA:11,isAllowedEmail
FNDA:11,(anonymous_4)
FNDA:8,isAutoApproved
FNDA:10,isValidEmailFormat
DA:18,11
DA:34,19
DA:35,19
DA:36,23
DA:38,23
DA:39,23
DA:56,11
DA:57,11
DA:86,8
DA:87,2
DA:91,6
DA:109,10
DA:110,10
LF:13
LH:13
BRDA:38,0,0,22
BRDA:38,0,1,1
BRDA:86,1,0,2
BRDA:86,1,1,6
BRDA:92,2,0,6
BRDA:92,2,1,4
BRF:6
BRH:6
end_of_record
TN:
SF:src/utils/fileValidation.ts
FN:55,validateFileType
FN:76,validateFileSize
FN:98,validateTotalSize
FN:99,(anonymous_3)
FN:118,validateFileCount
FN:143,validateFilename
FN:185,validateEvidenceFile
FN:214,validateEvidenceFiles
FN:251,scanForMalware
FNF:9
FNH:9
FNDA:17,validateFileType
FNDA:12,validateFileSize
FNDA:5,validateTotalSize
FNDA:11,(anonymous_3)
FNDA:9,validateFileCount
FNDA:23,validateFilename
FNDA:11,validateEvidenceFile
FNDA:5,validateEvidenceFiles
FNDA:11,scanForMalware
DA:10,1
DA:22,1
DA:27,1
DA:32,1
DA:56,17
DA:57,5
DA:63,12
DA:77,12
DA:78,3
DA:79,3
DA:85,9
DA:99,11
DA:101,5
DA:102,2
DA:103,2
DA:109,3
DA:119,9
DA:120,2
DA:126,7
DA:127,2
DA:133,5
DA:145,23
DA:146,6
DA:153,17
DA:154,1
DA:161,16
DA:162,1
DA:168,15
DA:169,1
DA:175,14
DA:187,11
DA:188,11
DA:189,1
DA:193,10
DA:194,10
DA:195,2
DA:199,8
DA:200,8
DA:201,1
DA:204,7
DA:216,5
DA:217,5
DA:218,2
DA:222,3
DA:223,7
DA:224,7
DA:225,1
DA:233,2
DA:234,2
DA:235,1
DA:238,1
DA:255,11
DA:256,11
DA:258,11
DA:259,46
DA:260,10
DA:272,1
LF:57
LH:57
BRDA:56,0,0,5
BRDA:56,0,1,12
BRDA:59,1,0,5
BRDA:59,1,1,1
BRDA:77,2,0,3
BRDA:77,2,1,9
BRDA:101,3,0,2
BRDA:101,3,1,3
BRDA:119,4,0,2
BRDA:119,4,1,7
BRDA:126,5,0,2
BRDA:126,5,1,5
BRDA:145,6,0,6
BRDA:145,6,1,17
BRDA:145,7,0,23
BRDA:145,7,1,19
BRDA:145,7,2,18
BRDA:153,8,0,1
BRDA:153,8,1,16
BRDA:161,9,0,1
BRDA:161,9,1,15
BRDA:168,10,0,1
BRDA:168,10,1,14
BRDA:188,11,0,1
BRDA:188,11,1,10
BRDA:194,12,0,2
BRDA:194,12,1,8
BRDA:200,13,0,1
BRDA:200,13,1,7
BRDA:217,14,0,2
BRDA:217,14,1,3
BRDA:224,15,0,1
BRDA:224,15,1,6
BRDA:234,16,0,1
BRDA:234,16,1,1
BRDA:259,17,0,10
BRDA:259,17,1,36
BRF:37
BRH:37
end_of_record
TN:
SF:src/utils/navigation.ts
FN:12,calculateDistance
FN:37,calculateBearing
FN:61,findClosestPointOnRoute
FN:94,closestPointOnSegment
FN:118,findCurrentStep
FN:154,findNextWaypoint
FN:155,(anonymous_6)
FN:161,calculateRouteProgress
FN:166,(anonymous_8)
FN:191,isOffRoute
FN:203,calculateETA
FN:216,formatETA
FN:228,isNearWaypoint
FN:240,getRemainingDistance
FNF:14
FNH:14
FNDA:21,calculateDistance
FNDA:3,calculateBearing
FNDA:5,findClosestPointOnRoute
FNDA:7,closestPointOnSegment
FNDA:2,findCurrentStep
FNDA:6,findNextWaypoint
FNDA:9,(anonymous_6)
FNDA:3,calculateRouteProgress
FNDA:5,(anonymous_8)
FNDA:2,isOffRoute
FNDA:2,calculateETA
FNDA:3,formatETA
FNDA:2,isNearWaypoint
FNDA:2,getRemainingDistance
DA:16,21
DA:17,21
DA:19,21
DA:20,21
DA:21,21
DA:22,21
DA:23,21
DA:26,21
DA:28,21
DA:30,21
DA:41,3
DA:42,3
DA:44,3
DA:45,3
DA:46,3
DA:48,3
DA:50,3
DA:52,3
DA:54,3
DA:69,5
DA:70,5
DA:71,5
DA:74,5
DA:75,7
DA:76,7
DA:78,7
DA:79,7
DA:81,7
DA:82,4
DA:83,4
DA:84,4
DA:88,5
DA:99,7
DA:100,7
DA:101,7
DA:103,7
DA:104,7
DA:106,7
DA:107,0
DA:110,7
DA:112,7
DA:125,2
DA:126,1
DA:130,1
DA:131,1
DA:133,1
DA:134,2
DA:137,2
DA:138,2
DA:139,2
DA:143,1
DA:148,1
DA:155,9
DA:166,5
DA:167,3
DA:169,3
DA:172,2
DA:175,2
DA:176,2
DA:177,1
DA:181,1
DA:182,1
DA:183,1
DA:185,1
DA:196,2
DA:197,2
DA:208,2
DA:209,2
DA:210,2
DA:217,3
DA:218,3
DA:219,3
DA:220,3
DA:222,3
DA:233,2
DA:234,2
DA:246,2
DA:247,2
DA:248,2
DA:252,2
DA:253,1
DA:258,1
DA:259,1
DA:263,2
LF:84
LH:83
BRDA:81,0,0,4
BRDA:81,0,1,3
BRDA:106,1,0,0
BRDA:106,1,1,7
BRDA:106,2,0,7
BRDA:106,2,1,0
BRDA:125,3,0,1
BRDA:125,3,1,1
BRDA:137,4,0,2
BRDA:137,4,1,0
BRDA:155,5,0,6
BRDA:155,5,1,3
BRDA:169,6,0,1
BRDA:169,6,1,2
BRDA:176,7,0,1
BRDA:176,7,1,1
BRDA:176,8,0,2
BRDA:176,8,1,1
BRDA:194,9,0,2
BRDA:206,10,0,2
BRDA:208,11,0,2
BRDA:208,11,1,1
BRDA:219,12,0,2
BRDA:219,12,1,1
BRDA:220,13,0,3
BRDA:220,13,1,1
BRDA:231,14,0,2
BRDA:252,15,0,1
BRDA:252,15,1,1
BRDA:258,16,0,1
BRDA:258,16,1,0
BRF:31
BRH:27
end_of_record
TN:
SF:src/utils/permissions.ts
FN:18,canManageRoutes
FN:33,canInviteMembers
FN:61,canManageMembers
FN:89,canEditBrigadeSettings
FN:104,canPromoteToAdmin
FN:119,canDemoteFromAdmin
FN:141,canRemoveMember
FN:172,canViewMembers
FN:187,canCancelInvitation
FN:214,canStartNavigation
FN:229,canApproveMembership
FN:252,getRoleDisplayName
FN:264,getRoleDescription
FN:276,getAvailableRolesToInvite
FNF:14
FNH:14
FNDA:5,canManageRoutes
FNDA:10,canInviteMembers
FNDA:8,canManageMembers
FNDA:3,canEditBrigadeSettings
FNDA:3,canPromoteToAdmin
FNDA:4,canDemoteFromAdmin
FNDA:7,canRemoveMember
FNDA:5,canViewMembers
FNDA:5,canCancelInvitation
FNDA:4,canStartNavigation
FNDA:9,canApproveMembership
FNDA:3,getRoleDisplayName
FNDA:3,getRoleDescription
FNDA:5,getAvailableRolesToInvite
DA:19,5
DA:20,4
DA:22,3
DA:37,10
DA:38,10
DA:41,10
DA:44,6
DA:45,4
DA:46,3
DA:50,2
DA:65,8
DA:66,8
DA:69,8
DA:72,5
DA:73,3
DA:74,3
DA:78,2
DA:90,3
DA:91,3
DA:93,3
DA:105,3
DA:106,3
DA:108,3
DA:123,4
DA:124,4
DA:125,4
DA:128,2
DA:130,1
DA:146,7
DA:147,7
DA:150,7
DA:153,6
DA:156,4
DA:157,3
DA:161,1
DA:173,5
DA:174,4
DA:176,3
DA:191,5
DA:192,5
DA:195,5
DA:198,3
DA:199,2
DA:203,1
DA:215,4
DA:216,4
DA:218,3
DA:233,9
DA:234,9
DA:237,9
DA:240,5
DA:241,4
DA:242,3
DA:246,1
DA:253,3
DA:258,3
DA:265,3
DA:270,3
DA:277,5
DA:278,4
DA:280,3
DA:281,1
DA:284,2
DA:285,1
DA:288,1
LF:65
LH:65
BRDA:19,0,0,1
BRDA:19,0,1,4
BRDA:20,1,0,1
BRDA:20,1,1,3
BRDA:22,2,0,3
BRDA:22,2,1,2
BRDA:37,3,0,0
BRDA:37,3,1,10
BRDA:38,4,0,0
BRDA:38,4,1,10
BRDA:41,5,0,4
BRDA:41,5,1,6
BRDA:44,6,0,4
BRDA:44,6,1,2
BRDA:45,7,0,1
BRDA:45,7,1,3
BRDA:46,8,0,3
BRDA:46,8,1,2
BRDA:65,9,0,0
BRDA:65,9,1,8
BRDA:66,10,0,0
BRDA:66,10,1,8
BRDA:69,11,0,3
BRDA:69,11,1,5
BRDA:72,12,0,3
BRDA:72,12,1,2
BRDA:73,13,0,0
BRDA:73,13,1,3
BRDA:90,14,0,0
BRDA:90,14,1,3
BRDA:91,15,0,0
BRDA:91,15,1,3
BRDA:105,16,0,0
BRDA:105,16,1,3
BRDA:106,17,0,0
BRDA:106,17,1,3
BRDA:121,18,0,4
BRDA:123,19,0,0
BRDA:123,19,1,4
BRDA:124,20,0,0
BRDA:124,20,1,4
BRDA:125,21,0,2
BRDA:125,21,1,2
BRDA:128,22,0,1
BRDA:128,22,1,1
BRDA:144,23,0,7
BRDA:146,24,0,0
BRDA:146,24,1,7
BRDA:147,25,0,0
BRDA:147,25,1,7
BRDA:150,26,0,1
BRDA:150,26,1,6
BRDA:153,27,0,2
BRDA:153,27,1,4
BRDA:156,28,0,3
BRDA:156,28,1,1
BRDA:173,29,0,1
BRDA:173,29,1,4
BRDA:174,30,0,1
BRDA:174,30,1,3
BRDA:191,31,0,0
BRDA:191,31,1,5
BRDA:192,32,0,0
BRDA:192,32,1,5
BRDA:195,33,0,2
BRDA:195,33,1,3
BRDA:198,34,0,2
BRDA:198,34,1,1
BRDA:215,35,0,0
BRDA:215,35,1,4
BRDA:216,36,0,1
BRDA:216,36,1,3
BRDA:218,37,0,3
BRDA:218,37,1,2
BRDA:233,38,0,0
BRDA:233,38,1,9
BRDA:234,39,0,0
BRDA:234,39,1,9
BRDA:237,40,0,4
BRDA:237,40,1,5
BRDA:240,41,0,4
BRDA:240,41,1,1
BRDA:241,42,0,1
BRDA:241,42,1,3
BRDA:258,43,0,3
BRDA:258,43,1,0
BRDA:270,44,0,3
BRDA:270,44,1,0
BRDA:277,45,0,1
BRDA:277,45,1,4
BRDA:278,46,0,1
BRDA:278,46,1,3
BRDA:280,47,0,1
BRDA:280,47,1,2
BRDA:284,48,0,1
BRDA:284,48,1,1
BRF:96
BRH:76
end_of_record
TN:
SF:src/utils/routeHelpers.ts
FN:10,generateRouteId
FN:17,generateWaypointId
FN:24,generateShareableLink
FN:32,canEditRoute
FN:39,canPublishRoute
FN:51,canStartRoute
FN:58,canDeleteRoute
FN:65,sortWaypoints
FN:66,(anonymous_8)
FN:72,reorderWaypoints
FN:83,(anonymous_10)
FN:92,getStatusColor
FN:106,getStatusLabel
FN:120,validateRoute
FN:148,createNewRoute
FN:166,calculateEstimatedArrivals
FN:178,(anonymous_16)
FN:185,(anonymous_17)
FNF:18
FNH:15
FNDA:7,generateRouteId
FNDA:2,generateWaypointId
FNDA:2,generateShareableLink
FNDA:5,canEditRoute
FNDA:5,canPublishRoute
FNDA:3,canStartRoute
FNDA:5,canDeleteRoute
FNDA:4,sortWaypoints
FNDA:9,(anonymous_8)
FNDA:2,reorderWaypoints
FNDA:6,(anonymous_10)
FNDA:5,getStatusColor
FNDA:5,getStatusLabel
FNDA:5,validateRoute
FNDA:4,createNewRoute
FNDA:0,calculateEstimatedArrivals
FNDA:0,(anonymous_16)
FNDA:0,(anonymous_17)
DA:11,7
DA:18,2
DA:25,2
DA:26,2
DA:33,5
DA:40,5
DA:52,3
DA:59,5
DA:66,9
DA:77,2
DA:78,2
DA:79,2
DA:80,2
DA:83,6
DA:93,5
DA:100,5
DA:107,5
DA:114,5
DA:121,5
DA:123,5
DA:124,2
DA:127,5
DA:128,2
DA:131,5
DA:132,1
DA:135,5
DA:136,2
DA:139,5
DA:149,4
DA:170,0
DA:171,0
DA:174,0
DA:175,0
DA:178,0
DA:179,0
DA:180,0
DA:183,0
DA:185,0
DA:187,0
DA:188,0
DA:192,0
LF:41
LH:29
BRDA:25,0,0,2
BRDA:25,0,1,2
BRDA:41,1,0,5
BRDA:41,1,1,4
BRDA:41,1,2,3
BRDA:41,1,3,2
BRDA:59,2,0,5
BRDA:59,2,1,4
BRDA:59,2,2,3
BRDA:100,3,0,5
BRDA:100,3,1,0
BRDA:114,4,0,5
BRDA:114,4,1,0
BRDA:123,5,0,2
BRDA:123,5,1,3
BRDA:123,6,0,5
BRDA:123,6,1,3
BRDA:127,7,0,2
BRDA:127,7,1,3
BRDA:127,8,0,5
BRDA:127,8,1,3
BRDA:131,9,0,1
BRDA:131,9,1,4
BRDA:131,10,0,5
BRDA:131,10,1,4
BRDA:135,11,0,2
BRDA:135,11,1,3
BRDA:135,12,0,5
BRDA:135,12,1,5
BRDA:170,13,0,0
BRDA:170,13,1,0
BRDA:170,14,0,0
BRDA:170,14,1,0
BRDA:179,15,0,0
BRDA:179,15,1,0
BRF:35
BRH:27
end_of_record
